CRITICAL - 2021-11-06 10:22:17 --> Undefined index: editor
#0 /var/www/dev.bathijs.local/app/Controllers/Admin/Projects.php(90): CodeIgniter\Debug\Exceptions->errorHandler()
#1 /var/www/dev.bathijs.local/system/CodeIgniter.php(802): App\Controllers\Admin\Projects->add_validation()
#2 /var/www/dev.bathijs.local/system/CodeIgniter.php(399): CodeIgniter\CodeIgniter->runController()
#3 /var/www/dev.bathijs.local/system/CodeIgniter.php(317): CodeIgniter\CodeIgniter->handleRequest()
#4 /var/www/dev.bathijs.local/public/index.php(37): CodeIgniter\CodeIgniter->run()
#5 {main}
CRITICAL - 2021-11-06 11:24:32 --> Undefined variable: languages
#0 /var/www/dev.bathijs.local/app/Views/admin/project-add.php(27): CodeIgniter\Debug\Exceptions->errorHandler()
#1 /var/www/dev.bathijs.local/system/View/View.php(214): include('/var/www/dev.ba...')
#2 /var/www/dev.bathijs.local/system/View/View.php(217): CodeIgniter\View\View->CodeIgniter\View\{closure}()
#3 /var/www/dev.bathijs.local/system/Common.php(1092): CodeIgniter\View\View->render()
#4 /var/www/dev.bathijs.local/app/Controllers/Admin/Projects.php(65): view()
#5 /var/www/dev.bathijs.local/system/CodeIgniter.php(802): App\Controllers\Admin\Projects->add()
#6 /var/www/dev.bathijs.local/system/CodeIgniter.php(399): CodeIgniter\CodeIgniter->runController()
#7 /var/www/dev.bathijs.local/system/CodeIgniter.php(317): CodeIgniter\CodeIgniter->handleRequest()
#8 /var/www/dev.bathijs.local/public/index.php(37): CodeIgniter\CodeIgniter->run()
#9 {main}
CRITICAL - 2021-11-06 11:40:55 --> Undefined variable: lg
#0 /var/www/dev.bathijs.local/app/Views/admin/project-add.php(15): CodeIgniter\Debug\Exceptions->errorHandler()
#1 /var/www/dev.bathijs.local/system/View/View.php(214): include('/var/www/dev.ba...')
#2 /var/www/dev.bathijs.local/system/View/View.php(217): CodeIgniter\View\View->CodeIgniter\View\{closure}()
#3 /var/www/dev.bathijs.local/system/Common.php(1092): CodeIgniter\View\View->render()
#4 /var/www/dev.bathijs.local/app/Controllers/Admin/Projects.php(65): view()
#5 /var/www/dev.bathijs.local/system/CodeIgniter.php(802): App\Controllers\Admin\Projects->add()
#6 /var/www/dev.bathijs.local/system/CodeIgniter.php(399): CodeIgniter\CodeIgniter->runController()
#7 /var/www/dev.bathijs.local/system/CodeIgniter.php(317): CodeIgniter\CodeIgniter->handleRequest()
#8 /var/www/dev.bathijs.local/public/index.php(37): CodeIgniter\CodeIgniter->run()
#9 {main}
