ERROR - 2021-11-04 20:22:07 --> Unknown column 'admin.adminName' in 'field list'
CRITICAL - 2021-11-04 20:22:07 --> Unknown column 'admin.adminName' in 'field list'
#0 /var/www/dev.bathijs.local/system/Database/MySQLi/Connection.php(280): mysqli->query()
#1 /var/www/dev.bathijs.local/system/Database/BaseConnection.php(663): CodeIgniter\Database\MySQLi\Connection->execute()
#2 /var/www/dev.bathijs.local/system/Database/BaseConnection.php(591): CodeIgniter\Database\BaseConnection->simpleQuery()
#3 /var/www/dev.bathijs.local/system/Database/BaseBuilder.php(1428): CodeIgniter\Database\BaseConnection->query()
#4 /var/www/dev.bathijs.local/system/Model.php(183): CodeIgniter\Database\BaseBuilder->get()
#5 /var/www/dev.bathijs.local/system/BaseModel.php(584): CodeIgniter\Model->doFindAll()
#6 /var/www/dev.bathijs.local/app/Models/ProjectModel.php(38): CodeIgniter\BaseModel->findAll()
#7 /var/www/dev.bathijs.local/app/Controllers/Admin/Projects.php(28): App\Models\ProjectModel->getProjectsData()
#8 /var/www/dev.bathijs.local/system/CodeIgniter.php(802): App\Controllers\Admin\Projects->index()
#9 /var/www/dev.bathijs.local/system/CodeIgniter.php(399): CodeIgniter\CodeIgniter->runController()
#10 /var/www/dev.bathijs.local/system/CodeIgniter.php(317): CodeIgniter\CodeIgniter->handleRequest()
#11 /var/www/dev.bathijs.local/public/index.php(37): CodeIgniter\CodeIgniter->run()
#12 {main}
CRITICAL - 2021-11-04 20:24:21 --> Undefined index: admin
#0 /var/www/dev.bathijs.local/app/Views/admin/projects.php(21): CodeIgniter\Debug\Exceptions->errorHandler()
#1 /var/www/dev.bathijs.local/system/View/View.php(214): include('/var/www/dev.ba...')
#2 /var/www/dev.bathijs.local/system/View/View.php(217): CodeIgniter\View\View->CodeIgniter\View\{closure}()
#3 /var/www/dev.bathijs.local/system/Common.php(1092): CodeIgniter\View\View->render()
#4 /var/www/dev.bathijs.local/app/Controllers/Admin/Projects.php(32): view()
#5 /var/www/dev.bathijs.local/system/CodeIgniter.php(802): App\Controllers\Admin\Projects->index()
#6 /var/www/dev.bathijs.local/system/CodeIgniter.php(399): CodeIgniter\CodeIgniter->runController()
#7 /var/www/dev.bathijs.local/system/CodeIgniter.php(317): CodeIgniter\CodeIgniter->handleRequest()
#8 /var/www/dev.bathijs.local/public/index.php(37): CodeIgniter\CodeIgniter->run()
#9 {main}
