CRITICAL - 2021-11-11 14:58:14 --> Undefined index: title
#0 /var/www/dev.bathijs.local/app/Views/admin/projects.php(51): CodeIgniter\Debug\Exceptions->errorHandler()
#1 /var/www/dev.bathijs.local/system/View/View.php(214): include('/var/www/dev.ba...')
#2 /var/www/dev.bathijs.local/system/View/View.php(217): CodeIgniter\View\View->CodeIgniter\View\{closure}()
#3 /var/www/dev.bathijs.local/system/Common.php(1092): CodeIgniter\View\View->render()
#4 /var/www/dev.bathijs.local/app/Controllers/Admin/Projects.php(39): view()
#5 /var/www/dev.bathijs.local/system/CodeIgniter.php(802): App\Controllers\Admin\Projects->index()
#6 /var/www/dev.bathijs.local/system/CodeIgniter.php(399): CodeIgniter\CodeIgniter->runController()
#7 /var/www/dev.bathijs.local/system/CodeIgniter.php(317): CodeIgniter\CodeIgniter->handleRequest()
#8 /var/www/dev.bathijs.local/public/index.php(37): CodeIgniter\CodeIgniter->run()
#9 {main}
CRITICAL - 2021-11-11 19:26:53 --> Use of undefined constant admin - assumed 'admin' (this will throw an Error in a future version of PHP)
#0 /var/www/dev.bathijs.local/app/Views/admin/project-add.php(342): CodeIgniter\Debug\Exceptions->errorHandler()
#1 /var/www/dev.bathijs.local/system/View/View.php(214): include('/var/www/dev.ba...')
#2 /var/www/dev.bathijs.local/system/View/View.php(217): CodeIgniter\View\View->CodeIgniter\View\{closure}()
#3 /var/www/dev.bathijs.local/system/Common.php(1092): CodeIgniter\View\View->render()
#4 /var/www/dev.bathijs.local/app/Controllers/Admin/Projects.php(63): view()
#5 /var/www/dev.bathijs.local/system/CodeIgniter.php(802): App\Controllers\Admin\Projects->add()
#6 /var/www/dev.bathijs.local/system/CodeIgniter.php(399): CodeIgniter\CodeIgniter->runController()
#7 /var/www/dev.bathijs.local/system/CodeIgniter.php(317): CodeIgniter\CodeIgniter->handleRequest()
#8 /var/www/dev.bathijs.local/public/index.php(37): CodeIgniter\CodeIgniter->run()
#9 {main}
CRITICAL - 2021-11-11 20:51:10 --> Too few arguments to function CodeIgniter\Controller::validate(), 0 passed in /var/www/dev.bathijs.local/app/Controllers/Admin/Projects.php on line 117 and at least 1 expected
#0 /var/www/dev.bathijs.local/app/Controllers/Admin/Projects.php(117): CodeIgniter\Controller->validate()
#1 /var/www/dev.bathijs.local/system/CodeIgniter.php(802): App\Controllers\Admin\Projects->save_draft()
#2 /var/www/dev.bathijs.local/system/CodeIgniter.php(399): CodeIgniter\CodeIgniter->runController()
#3 /var/www/dev.bathijs.local/system/CodeIgniter.php(317): CodeIgniter\CodeIgniter->handleRequest()
#4 /var/www/dev.bathijs.local/public/index.php(37): CodeIgniter\CodeIgniter->run()
#5 {main}
CRITICAL - 2021-11-11 20:52:06 --> Call to undefined method CodeIgniter\Validation\Validation::validate()
#0 /var/www/dev.bathijs.local/system/CodeIgniter.php(802): App\Controllers\Admin\Projects->save_draft()
#1 /var/www/dev.bathijs.local/system/CodeIgniter.php(399): CodeIgniter\CodeIgniter->runController()
#2 /var/www/dev.bathijs.local/system/CodeIgniter.php(317): CodeIgniter\CodeIgniter->handleRequest()
#3 /var/www/dev.bathijs.local/public/index.php(37): CodeIgniter\CodeIgniter->run()
#4 {main}
CRITICAL - 2021-11-11 20:52:27 --> Too few arguments to function CodeIgniter\Controller::validate(), 0 passed in /var/www/dev.bathijs.local/app/Controllers/Admin/Projects.php on line 117 and at least 1 expected
#0 /var/www/dev.bathijs.local/app/Controllers/Admin/Projects.php(117): CodeIgniter\Controller->validate()
#1 /var/www/dev.bathijs.local/system/CodeIgniter.php(802): App\Controllers\Admin\Projects->save_draft()
#2 /var/www/dev.bathijs.local/system/CodeIgniter.php(399): CodeIgniter\CodeIgniter->runController()
#3 /var/www/dev.bathijs.local/system/CodeIgniter.php(317): CodeIgniter\CodeIgniter->handleRequest()
#4 /var/www/dev.bathijs.local/public/index.php(37): CodeIgniter\CodeIgniter->run()
#5 {main}
CRITICAL - 2021-11-11 20:53:06 --> Argument 1 passed to CodeIgniter\Validation\Validation::setRules() must be of the type array, object given, called in /var/www/dev.bathijs.local/system/Controller.php on line 160
#0 /var/www/dev.bathijs.local/system/Controller.php(160): CodeIgniter\Validation\Validation->setRules()
#1 /var/www/dev.bathijs.local/app/Controllers/Admin/Projects.php(117): CodeIgniter\Controller->validate()
#2 /var/www/dev.bathijs.local/system/CodeIgniter.php(802): App\Controllers\Admin\Projects->save_draft()
#3 /var/www/dev.bathijs.local/system/CodeIgniter.php(399): CodeIgniter\CodeIgniter->runController()
#4 /var/www/dev.bathijs.local/system/CodeIgniter.php(317): CodeIgniter\CodeIgniter->handleRequest()
#5 /var/www/dev.bathijs.local/public/index.php(37): CodeIgniter\CodeIgniter->run()
#6 {main}
CRITICAL - 2021-11-11 20:53:56 --> Argument 1 passed to CodeIgniter\Validation\Validation::setRules() must be of the type array, object given, called in /var/www/dev.bathijs.local/system/Controller.php on line 160
#0 /var/www/dev.bathijs.local/system/Controller.php(160): CodeIgniter\Validation\Validation->setRules()
#1 /var/www/dev.bathijs.local/app/Controllers/Admin/Projects.php(117): CodeIgniter\Controller->validate()
#2 /var/www/dev.bathijs.local/system/CodeIgniter.php(802): App\Controllers\Admin\Projects->save_draft()
#3 /var/www/dev.bathijs.local/system/CodeIgniter.php(399): CodeIgniter\CodeIgniter->runController()
#4 /var/www/dev.bathijs.local/system/CodeIgniter.php(317): CodeIgniter\CodeIgniter->handleRequest()
#5 /var/www/dev.bathijs.local/public/index.php(37): CodeIgniter\CodeIgniter->run()
#6 {main}
CRITICAL - 2021-11-11 20:55:00 --> Argument 1 passed to CodeIgniter\Validation\Validation::setRules() must be of the type array, object given, called in /var/www/dev.bathijs.local/system/Controller.php on line 160
#0 /var/www/dev.bathijs.local/system/Controller.php(160): CodeIgniter\Validation\Validation->setRules()
#1 /var/www/dev.bathijs.local/app/Controllers/Admin/Projects.php(117): CodeIgniter\Controller->validate()
#2 /var/www/dev.bathijs.local/system/CodeIgniter.php(802): App\Controllers\Admin\Projects->save_draft()
#3 /var/www/dev.bathijs.local/system/CodeIgniter.php(399): CodeIgniter\CodeIgniter->runController()
#4 /var/www/dev.bathijs.local/system/CodeIgniter.php(317): CodeIgniter\CodeIgniter->handleRequest()
#5 /var/www/dev.bathijs.local/public/index.php(37): CodeIgniter\CodeIgniter->run()
#6 {main}
CRITICAL - 2021-11-11 21:52:50 -->  is not a valid rule.
#0 /var/www/dev.bathijs.local/system/Validation/Validation.php(285): CodeIgniter\Validation\Exceptions\ValidationException::forRuleNotFound()
#1 /var/www/dev.bathijs.local/system/Validation/Validation.php(151): CodeIgniter\Validation\Validation->processRules()
#2 /var/www/dev.bathijs.local/system/Controller.php(160): CodeIgniter\Validation\Validation->run()
#3 /var/www/dev.bathijs.local/app/Controllers/Admin/Projects.php(153): CodeIgniter\Controller->validate()
#4 /var/www/dev.bathijs.local/system/CodeIgniter.php(802): App\Controllers\Admin\Projects->save_draft()
#5 /var/www/dev.bathijs.local/system/CodeIgniter.php(399): CodeIgniter\CodeIgniter->runController()
#6 /var/www/dev.bathijs.local/system/CodeIgniter.php(317): CodeIgniter\CodeIgniter->handleRequest()
#7 /var/www/dev.bathijs.local/public/index.php(37): CodeIgniter\CodeIgniter->run()
#8 {main}
CRITICAL - 2021-11-11 21:53:26 -->  is not a valid rule.
#0 /var/www/dev.bathijs.local/system/Validation/Validation.php(285): CodeIgniter\Validation\Exceptions\ValidationException::forRuleNotFound()
#1 /var/www/dev.bathijs.local/system/Validation/Validation.php(151): CodeIgniter\Validation\Validation->processRules()
#2 /var/www/dev.bathijs.local/system/Controller.php(160): CodeIgniter\Validation\Validation->run()
#3 /var/www/dev.bathijs.local/app/Controllers/Admin/Projects.php(151): CodeIgniter\Controller->validate()
#4 /var/www/dev.bathijs.local/system/CodeIgniter.php(802): App\Controllers\Admin\Projects->save_draft()
#5 /var/www/dev.bathijs.local/system/CodeIgniter.php(399): CodeIgniter\CodeIgniter->runController()
#6 /var/www/dev.bathijs.local/system/CodeIgniter.php(317): CodeIgniter\CodeIgniter->handleRequest()
#7 /var/www/dev.bathijs.local/public/index.php(37): CodeIgniter\CodeIgniter->run()
#8 {main}
CRITICAL - 2021-11-11 21:54:16 --> Undefined variable: validation
#0 /var/www/dev.bathijs.local/app/Controllers/Admin/Projects.php(153): CodeIgniter\Debug\Exceptions->errorHandler()
#1 /var/www/dev.bathijs.local/system/CodeIgniter.php(802): App\Controllers\Admin\Projects->save_draft()
#2 /var/www/dev.bathijs.local/system/CodeIgniter.php(399): CodeIgniter\CodeIgniter->runController()
#3 /var/www/dev.bathijs.local/system/CodeIgniter.php(317): CodeIgniter\CodeIgniter->handleRequest()
#4 /var/www/dev.bathijs.local/public/index.php(37): CodeIgniter\CodeIgniter->run()
#5 {main}
CRITICAL - 2021-11-11 21:54:43 --> Call to undefined method App\Controllers\Admin\Projects::getErrors()
#0 /var/www/dev.bathijs.local/system/CodeIgniter.php(802): App\Controllers\Admin\Projects->save_draft()
#1 /var/www/dev.bathijs.local/system/CodeIgniter.php(399): CodeIgniter\CodeIgniter->runController()
#2 /var/www/dev.bathijs.local/system/CodeIgniter.php(317): CodeIgniter\CodeIgniter->handleRequest()
#3 /var/www/dev.bathijs.local/public/index.php(37): CodeIgniter\CodeIgniter->run()
#4 {main}
CRITICAL - 2021-11-11 21:55:16 -->  is not a valid rule.
#0 /var/www/dev.bathijs.local/system/Validation/Validation.php(285): CodeIgniter\Validation\Exceptions\ValidationException::forRuleNotFound()
#1 /var/www/dev.bathijs.local/system/Validation/Validation.php(151): CodeIgniter\Validation\Validation->processRules()
#2 /var/www/dev.bathijs.local/system/Controller.php(160): CodeIgniter\Validation\Validation->run()
#3 /var/www/dev.bathijs.local/app/Controllers/Admin/Projects.php(153): CodeIgniter\Controller->validate()
#4 /var/www/dev.bathijs.local/system/CodeIgniter.php(802): App\Controllers\Admin\Projects->save_draft()
#5 /var/www/dev.bathijs.local/system/CodeIgniter.php(399): CodeIgniter\CodeIgniter->runController()
#6 /var/www/dev.bathijs.local/system/CodeIgniter.php(317): CodeIgniter\CodeIgniter->handleRequest()
#7 /var/www/dev.bathijs.local/public/index.php(37): CodeIgniter\CodeIgniter->run()
#8 {main}
CRITICAL - 2021-11-11 21:59:55 --> real_escape_string is not a valid rule.
#0 /var/www/dev.bathijs.local/system/Validation/Validation.php(285): CodeIgniter\Validation\Exceptions\ValidationException::forRuleNotFound()
#1 /var/www/dev.bathijs.local/system/Validation/Validation.php(151): CodeIgniter\Validation\Validation->processRules()
#2 /var/www/dev.bathijs.local/system/Controller.php(160): CodeIgniter\Validation\Validation->run()
#3 /var/www/dev.bathijs.local/app/Controllers/Admin/Projects.php(153): CodeIgniter\Controller->validate()
#4 /var/www/dev.bathijs.local/system/CodeIgniter.php(802): App\Controllers\Admin\Projects->save_draft()
#5 /var/www/dev.bathijs.local/system/CodeIgniter.php(399): CodeIgniter\CodeIgniter->runController()
#6 /var/www/dev.bathijs.local/system/CodeIgniter.php(317): CodeIgniter\CodeIgniter->handleRequest()
#7 /var/www/dev.bathijs.local/public/index.php(37): CodeIgniter\CodeIgniter->run()
#8 {main}
ERROR - 2021-11-11 22:19:12 --> Incorrect DATETIME value: 'Null'
CRITICAL - 2021-11-11 22:19:12 --> Incorrect DATETIME value: 'Null'
#0 /var/www/dev.bathijs.local/system/Database/MySQLi/Connection.php(280): mysqli->query()
#1 /var/www/dev.bathijs.local/system/Database/BaseConnection.php(663): CodeIgniter\Database\MySQLi\Connection->execute()
#2 /var/www/dev.bathijs.local/system/Database/BaseConnection.php(591): CodeIgniter\Database\BaseConnection->simpleQuery()
#3 /var/www/dev.bathijs.local/system/Database/BaseBuilder.php(1428): CodeIgniter\Database\BaseConnection->query()
#4 /var/www/dev.bathijs.local/system/Validation/Rules.php(116): CodeIgniter\Database\BaseBuilder->get()
#5 /var/www/dev.bathijs.local/system/Validation/Validation.php(277): CodeIgniter\Validation\Rules->is_not_unique()
#6 /var/www/dev.bathijs.local/system/Validation/Validation.php(151): CodeIgniter\Validation\Validation->processRules()
#7 /var/www/dev.bathijs.local/system/Controller.php(160): CodeIgniter\Validation\Validation->run()
#8 /var/www/dev.bathijs.local/app/Controllers/Admin/Projects.php(153): CodeIgniter\Controller->validate()
#9 /var/www/dev.bathijs.local/system/CodeIgniter.php(802): App\Controllers\Admin\Projects->save_draft()
#10 /var/www/dev.bathijs.local/system/CodeIgniter.php(399): CodeIgniter\CodeIgniter->runController()
#11 /var/www/dev.bathijs.local/system/CodeIgniter.php(317): CodeIgniter\CodeIgniter->handleRequest()
#12 /var/www/dev.bathijs.local/public/index.php(37): CodeIgniter\CodeIgniter->run()
#13 {main}
ERROR - 2021-11-11 22:19:57 --> Incorrect DATETIME value: 'Null'
CRITICAL - 2021-11-11 22:19:57 --> Incorrect DATETIME value: 'Null'
#0 /var/www/dev.bathijs.local/system/Database/MySQLi/Connection.php(280): mysqli->query()
#1 /var/www/dev.bathijs.local/system/Database/BaseConnection.php(663): CodeIgniter\Database\MySQLi\Connection->execute()
#2 /var/www/dev.bathijs.local/system/Database/BaseConnection.php(591): CodeIgniter\Database\BaseConnection->simpleQuery()
#3 /var/www/dev.bathijs.local/system/Database/BaseBuilder.php(1428): CodeIgniter\Database\BaseConnection->query()
#4 /var/www/dev.bathijs.local/system/Validation/Rules.php(116): CodeIgniter\Database\BaseBuilder->get()
#5 /var/www/dev.bathijs.local/system/Validation/Validation.php(277): CodeIgniter\Validation\Rules->is_not_unique()
#6 /var/www/dev.bathijs.local/system/Validation/Validation.php(151): CodeIgniter\Validation\Validation->processRules()
#7 /var/www/dev.bathijs.local/system/Controller.php(160): CodeIgniter\Validation\Validation->run()
#8 /var/www/dev.bathijs.local/app/Controllers/Admin/Projects.php(153): CodeIgniter\Controller->validate()
#9 /var/www/dev.bathijs.local/system/CodeIgniter.php(802): App\Controllers\Admin\Projects->save_draft()
#10 /var/www/dev.bathijs.local/system/CodeIgniter.php(399): CodeIgniter\CodeIgniter->runController()
#11 /var/www/dev.bathijs.local/system/CodeIgniter.php(317): CodeIgniter\CodeIgniter->handleRequest()
#12 /var/www/dev.bathijs.local/public/index.php(37): CodeIgniter\CodeIgniter->run()
#13 {main}
ERROR - 2021-11-11 22:20:04 --> Incorrect DATETIME value: 'NULL'
CRITICAL - 2021-11-11 22:20:04 --> Incorrect DATETIME value: 'NULL'
#0 /var/www/dev.bathijs.local/system/Database/MySQLi/Connection.php(280): mysqli->query()
#1 /var/www/dev.bathijs.local/system/Database/BaseConnection.php(663): CodeIgniter\Database\MySQLi\Connection->execute()
#2 /var/www/dev.bathijs.local/system/Database/BaseConnection.php(591): CodeIgniter\Database\BaseConnection->simpleQuery()
#3 /var/www/dev.bathijs.local/system/Database/BaseBuilder.php(1428): CodeIgniter\Database\BaseConnection->query()
#4 /var/www/dev.bathijs.local/system/Validation/Rules.php(116): CodeIgniter\Database\BaseBuilder->get()
#5 /var/www/dev.bathijs.local/system/Validation/Validation.php(277): CodeIgniter\Validation\Rules->is_not_unique()
#6 /var/www/dev.bathijs.local/system/Validation/Validation.php(151): CodeIgniter\Validation\Validation->processRules()
#7 /var/www/dev.bathijs.local/system/Controller.php(160): CodeIgniter\Validation\Validation->run()
#8 /var/www/dev.bathijs.local/app/Controllers/Admin/Projects.php(153): CodeIgniter\Controller->validate()
#9 /var/www/dev.bathijs.local/system/CodeIgniter.php(802): App\Controllers\Admin\Projects->save_draft()
#10 /var/www/dev.bathijs.local/system/CodeIgniter.php(399): CodeIgniter\CodeIgniter->runController()
#11 /var/www/dev.bathijs.local/system/CodeIgniter.php(317): CodeIgniter\CodeIgniter->handleRequest()
#12 /var/www/dev.bathijs.local/public/index.php(37): CodeIgniter\CodeIgniter->run()
#13 {main}
ERROR - 2021-11-11 22:22:38 --> Incorrect DATETIME value: 'IS NULL'
CRITICAL - 2021-11-11 22:22:38 --> Incorrect DATETIME value: 'IS NULL'
#0 /var/www/dev.bathijs.local/system/Database/MySQLi/Connection.php(280): mysqli->query()
#1 /var/www/dev.bathijs.local/system/Database/BaseConnection.php(663): CodeIgniter\Database\MySQLi\Connection->execute()
#2 /var/www/dev.bathijs.local/system/Database/BaseConnection.php(591): CodeIgniter\Database\BaseConnection->simpleQuery()
#3 /var/www/dev.bathijs.local/system/Database/BaseBuilder.php(1428): CodeIgniter\Database\BaseConnection->query()
#4 /var/www/dev.bathijs.local/system/Validation/Rules.php(116): CodeIgniter\Database\BaseBuilder->get()
#5 /var/www/dev.bathijs.local/system/Validation/Validation.php(277): CodeIgniter\Validation\Rules->is_not_unique()
#6 /var/www/dev.bathijs.local/system/Validation/Validation.php(151): CodeIgniter\Validation\Validation->processRules()
#7 /var/www/dev.bathijs.local/system/Controller.php(160): CodeIgniter\Validation\Validation->run()
#8 /var/www/dev.bathijs.local/app/Controllers/Admin/Projects.php(153): CodeIgniter\Controller->validate()
#9 /var/www/dev.bathijs.local/system/CodeIgniter.php(802): App\Controllers\Admin\Projects->save_draft()
#10 /var/www/dev.bathijs.local/system/CodeIgniter.php(399): CodeIgniter\CodeIgniter->runController()
#11 /var/www/dev.bathijs.local/system/CodeIgniter.php(317): CodeIgniter\CodeIgniter->handleRequest()
#12 /var/www/dev.bathijs.local/public/index.php(37): CodeIgniter\CodeIgniter->run()
#13 {main}
CRITICAL - 2021-11-11 22:36:45 --> Call to undefined method CodeIgniter\Session\Session::set_flash_data()
#0 /var/www/dev.bathijs.local/system/CodeIgniter.php(802): App\Controllers\Admin\Projects->save_draft()
#1 /var/www/dev.bathijs.local/system/CodeIgniter.php(399): CodeIgniter\CodeIgniter->runController()
#2 /var/www/dev.bathijs.local/system/CodeIgniter.php(317): CodeIgniter\CodeIgniter->handleRequest()
#3 /var/www/dev.bathijs.local/public/index.php(37): CodeIgniter\CodeIgniter->run()
#4 {main}
CRITICAL - 2021-11-11 22:45:35 --> Undefined variable: validation
#0 /var/www/dev.bathijs.local/app/Views/admin/project-add.php(34): CodeIgniter\Debug\Exceptions->errorHandler()
#1 /var/www/dev.bathijs.local/system/View/View.php(214): include('/var/www/dev.ba...')
#2 /var/www/dev.bathijs.local/system/View/View.php(217): CodeIgniter\View\View->CodeIgniter\View\{closure}()
#3 /var/www/dev.bathijs.local/system/Common.php(1092): CodeIgniter\View\View->render()
#4 /var/www/dev.bathijs.local/app/Controllers/Admin/Projects.php(70): view()
#5 /var/www/dev.bathijs.local/system/CodeIgniter.php(802): App\Controllers\Admin\Projects->new_project()
#6 /var/www/dev.bathijs.local/system/CodeIgniter.php(399): CodeIgniter\CodeIgniter->runController()
#7 /var/www/dev.bathijs.local/system/CodeIgniter.php(317): CodeIgniter\CodeIgniter->handleRequest()
#8 /var/www/dev.bathijs.local/public/index.php(37): CodeIgniter\CodeIgniter->run()
#9 {main}
CRITICAL - 2021-11-11 22:47:37 --> Call to a member function getErrors() on null
#0 /var/www/dev.bathijs.local/system/View/View.php(214): include()
#1 /var/www/dev.bathijs.local/system/View/View.php(217): CodeIgniter\View\View->CodeIgniter\View\{closure}()
#2 /var/www/dev.bathijs.local/system/Common.php(1092): CodeIgniter\View\View->render()
#3 /var/www/dev.bathijs.local/app/Controllers/Admin/Projects.php(70): view()
#4 /var/www/dev.bathijs.local/system/CodeIgniter.php(802): App\Controllers\Admin\Projects->new_project()
#5 /var/www/dev.bathijs.local/system/CodeIgniter.php(399): CodeIgniter\CodeIgniter->runController()
#6 /var/www/dev.bathijs.local/system/CodeIgniter.php(317): CodeIgniter\CodeIgniter->handleRequest()
#7 /var/www/dev.bathijs.local/public/index.php(37): CodeIgniter\CodeIgniter->run()
#8 {main}
CRITICAL - 2021-11-11 22:57:22 --> Call to undefined function set_value()
#0 /var/www/dev.bathijs.local/system/View/View.php(214): include()
#1 /var/www/dev.bathijs.local/system/View/View.php(217): CodeIgniter\View\View->CodeIgniter\View\{closure}()
#2 /var/www/dev.bathijs.local/system/Common.php(1092): CodeIgniter\View\View->render()
#3 /var/www/dev.bathijs.local/app/Controllers/Admin/Projects.php(70): view()
#4 /var/www/dev.bathijs.local/system/CodeIgniter.php(802): App\Controllers\Admin\Projects->new_project()
#5 /var/www/dev.bathijs.local/system/CodeIgniter.php(399): CodeIgniter\CodeIgniter->runController()
#6 /var/www/dev.bathijs.local/system/CodeIgniter.php(317): CodeIgniter\CodeIgniter->handleRequest()
#7 /var/www/dev.bathijs.local/public/index.php(37): CodeIgniter\CodeIgniter->run()
#8 {main}
CRITICAL - 2021-11-11 23:09:00 --> Call to a member function getError() on null
#0 /var/www/dev.bathijs.local/system/View/View.php(214): include()
#1 /var/www/dev.bathijs.local/system/View/View.php(217): CodeIgniter\View\View->CodeIgniter\View\{closure}()
#2 /var/www/dev.bathijs.local/system/Common.php(1092): CodeIgniter\View\View->render()
#3 /var/www/dev.bathijs.local/app/Controllers/Admin/Projects.php(72): view()
#4 /var/www/dev.bathijs.local/system/CodeIgniter.php(802): App\Controllers\Admin\Projects->new_project()
#5 /var/www/dev.bathijs.local/system/CodeIgniter.php(399): CodeIgniter\CodeIgniter->runController()
#6 /var/www/dev.bathijs.local/system/CodeIgniter.php(317): CodeIgniter\CodeIgniter->handleRequest()
#7 /var/www/dev.bathijs.local/public/index.php(37): CodeIgniter\CodeIgniter->run()
#8 {main}
CRITICAL - 2021-11-11 23:10:20 --> Call to a member function getError() on null
#0 /var/www/dev.bathijs.local/system/View/View.php(214): include()
#1 /var/www/dev.bathijs.local/system/View/View.php(217): CodeIgniter\View\View->CodeIgniter\View\{closure}()
#2 /var/www/dev.bathijs.local/system/Common.php(1092): CodeIgniter\View\View->render()
#3 /var/www/dev.bathijs.local/app/Controllers/Admin/Projects.php(72): view()
#4 /var/www/dev.bathijs.local/system/CodeIgniter.php(802): App\Controllers\Admin\Projects->new_project()
#5 /var/www/dev.bathijs.local/system/CodeIgniter.php(399): CodeIgniter\CodeIgniter->runController()
#6 /var/www/dev.bathijs.local/system/CodeIgniter.php(317): CodeIgniter\CodeIgniter->handleRequest()
#7 /var/www/dev.bathijs.local/public/index.php(37): CodeIgniter\CodeIgniter->run()
#8 {main}
