CRITICAL - 2021-11-12 00:00:39 --> Call to undefined method App\Models\ProjectModel::addDraft
#0 /var/www/dev.bathijs.local/app/Controllers/Admin/Projects.php(176): CodeIgniter\Model->__call()
#1 /var/www/dev.bathijs.local/system/CodeIgniter.php(802): App\Controllers\Admin\Projects->save_draft()
#2 /var/www/dev.bathijs.local/system/CodeIgniter.php(399): CodeIgniter\CodeIgniter->runController()
#3 /var/www/dev.bathijs.local/system/CodeIgniter.php(317): CodeIgniter\CodeIgniter->handleRequest()
#4 /var/www/dev.bathijs.local/public/index.php(37): CodeIgniter\CodeIgniter->run()
#5 {main}
CRITICAL - 2021-11-12 01:15:58 --> Undefined variable: rowTitle
#0 /var/www/dev.bathijs.local/app/Controllers/Admin/Projects.php(172): CodeIgniter\Debug\Exceptions->errorHandler()
#1 /var/www/dev.bathijs.local/system/CodeIgniter.php(802): App\Controllers\Admin\Projects->save_draft()
#2 /var/www/dev.bathijs.local/system/CodeIgniter.php(399): CodeIgniter\CodeIgniter->runController()
#3 /var/www/dev.bathijs.local/system/CodeIgniter.php(317): CodeIgniter\CodeIgniter->handleRequest()
#4 /var/www/dev.bathijs.local/public/index.php(37): CodeIgniter\CodeIgniter->run()
#5 {main}
CRITICAL - 2021-11-12 01:57:18 --> valid_name_id is not a valid rule.
#0 /var/www/dev.bathijs.local/system/Validation/Validation.php(285): CodeIgniter\Validation\Exceptions\ValidationException::forRuleNotFound()
#1 /var/www/dev.bathijs.local/system/Validation/Validation.php(151): CodeIgniter\Validation\Validation->processRules()
#2 /var/www/dev.bathijs.local/system/Controller.php(160): CodeIgniter\Validation\Validation->run()
#3 /var/www/dev.bathijs.local/app/Controllers/Admin/Projects.php(164): CodeIgniter\Controller->validate()
#4 /var/www/dev.bathijs.local/system/CodeIgniter.php(802): App\Controllers\Admin\Projects->save_draft()
#5 /var/www/dev.bathijs.local/system/CodeIgniter.php(399): CodeIgniter\CodeIgniter->runController()
#6 /var/www/dev.bathijs.local/system/CodeIgniter.php(317): CodeIgniter\CodeIgniter->handleRequest()
#7 /var/www/dev.bathijs.local/public/index.php(37): CodeIgniter\CodeIgniter->run()
#8 {main}
CRITICAL - 2021-11-12 02:08:31 --> Argument 2 passed to CodeIgniter\Validation\Rules::valid_name_id() must be of the type string, null given, called in /var/www/dev.bathijs.local/system/Validation/Validation.php on line 277
#0 /var/www/dev.bathijs.local/system/Validation/Validation.php(277): CodeIgniter\Validation\Rules->valid_name_id()
#1 /var/www/dev.bathijs.local/system/Validation/Validation.php(151): CodeIgniter\Validation\Validation->processRules()
#2 /var/www/dev.bathijs.local/system/Controller.php(160): CodeIgniter\Validation\Validation->run()
#3 /var/www/dev.bathijs.local/app/Controllers/Admin/Projects.php(164): CodeIgniter\Controller->validate()
#4 /var/www/dev.bathijs.local/system/CodeIgniter.php(802): App\Controllers\Admin\Projects->save_draft()
#5 /var/www/dev.bathijs.local/system/CodeIgniter.php(399): CodeIgniter\CodeIgniter->runController()
#6 /var/www/dev.bathijs.local/system/CodeIgniter.php(317): CodeIgniter\CodeIgniter->handleRequest()
#7 /var/www/dev.bathijs.local/public/index.php(37): CodeIgniter\CodeIgniter->run()
#8 {main}
CRITICAL - 2021-11-12 02:09:06 --> Argument 2 passed to CodeIgniter\Validation\Rules::valid_name_id() must be of the type string, null given, called in /var/www/dev.bathijs.local/system/Validation/Validation.php on line 277
#0 /var/www/dev.bathijs.local/system/Validation/Validation.php(277): CodeIgniter\Validation\Rules->valid_name_id()
#1 /var/www/dev.bathijs.local/system/Validation/Validation.php(151): CodeIgniter\Validation\Validation->processRules()
#2 /var/www/dev.bathijs.local/system/Controller.php(160): CodeIgniter\Validation\Validation->run()
#3 /var/www/dev.bathijs.local/app/Controllers/Admin/Projects.php(164): CodeIgniter\Controller->validate()
#4 /var/www/dev.bathijs.local/system/CodeIgniter.php(802): App\Controllers\Admin\Projects->save_draft()
#5 /var/www/dev.bathijs.local/system/CodeIgniter.php(399): CodeIgniter\CodeIgniter->runController()
#6 /var/www/dev.bathijs.local/system/CodeIgniter.php(317): CodeIgniter\CodeIgniter->handleRequest()
#7 /var/www/dev.bathijs.local/public/index.php(37): CodeIgniter\CodeIgniter->run()
#8 {main}
CRITICAL - 2021-11-12 02:26:24 --> Undefined variable: ststage5age1
#0 /var/www/dev.bathijs.local/app/Controllers/Admin/Projects.php(185): CodeIgniter\Debug\Exceptions->errorHandler()
#1 /var/www/dev.bathijs.local/system/CodeIgniter.php(802): App\Controllers\Admin\Projects->save_draft()
#2 /var/www/dev.bathijs.local/system/CodeIgniter.php(399): CodeIgniter\CodeIgniter->runController()
#3 /var/www/dev.bathijs.local/system/CodeIgniter.php(317): CodeIgniter\CodeIgniter->handleRequest()
#4 /var/www/dev.bathijs.local/public/index.php(37): CodeIgniter\CodeIgniter->run()
#5 {main}
CRITICAL - 2021-11-12 02:42:47 --> Undefined variable: stage7
#0 /var/www/dev.bathijs.local/app/Controllers/Admin/Projects.php(196): CodeIgniter\Debug\Exceptions->errorHandler()
#1 /var/www/dev.bathijs.local/system/CodeIgniter.php(802): App\Controllers\Admin\Projects->save_draft()
#2 /var/www/dev.bathijs.local/system/CodeIgniter.php(399): CodeIgniter\CodeIgniter->runController()
#3 /var/www/dev.bathijs.local/system/CodeIgniter.php(317): CodeIgniter\CodeIgniter->handleRequest()
#4 /var/www/dev.bathijs.local/public/index.php(37): CodeIgniter\CodeIgniter->run()
#5 {main}
CRITICAL - 2021-11-12 03:13:35 --> Call to undefined method App\Models\ProjectModel::input
#0 /var/www/dev.bathijs.local/app/Controllers/Admin/Projects.php(183): CodeIgniter\Model->__call()
#1 /var/www/dev.bathijs.local/system/CodeIgniter.php(802): App\Controllers\Admin\Projects->save_draft()
#2 /var/www/dev.bathijs.local/system/CodeIgniter.php(399): CodeIgniter\CodeIgniter->runController()
#3 /var/www/dev.bathijs.local/system/CodeIgniter.php(317): CodeIgniter\CodeIgniter->handleRequest()
#4 /var/www/dev.bathijs.local/public/index.php(37): CodeIgniter\CodeIgniter->run()
#5 {main}
