CRITICAL - 2021-10-22 01:50:36 --> Undefined variable: projects
#0 /var/www/dev.bathijs.local/app/Views/admin/projects.php(17): CodeIgniter\Debug\Exceptions->errorHandler()
#1 /var/www/dev.bathijs.local/system/View/View.php(214): include('/var/www/dev.ba...')
#2 /var/www/dev.bathijs.local/system/View/View.php(217): CodeIgniter\View\View->CodeIgniter\View\{closure}()
#3 /var/www/dev.bathijs.local/system/Common.php(1092): CodeIgniter\View\View->render()
#4 /var/www/dev.bathijs.local/app/Controllers/Admin/Categories.php(24): view()
#5 /var/www/dev.bathijs.local/system/CodeIgniter.php(802): App\Controllers\Admin\Categories->index()
#6 /var/www/dev.bathijs.local/system/CodeIgniter.php(399): CodeIgniter\CodeIgniter->runController()
#7 /var/www/dev.bathijs.local/system/CodeIgniter.php(317): CodeIgniter\CodeIgniter->handleRequest()
#8 /var/www/dev.bathijs.local/public/index.php(37): CodeIgniter\CodeIgniter->run()
#9 {main}
CRITICAL - 2021-10-22 02:10:56 --> Undefined variable: projects
#0 /var/www/dev.bathijs.local/app/Views/admin/projects.php(17): CodeIgniter\Debug\Exceptions->errorHandler()
#1 /var/www/dev.bathijs.local/system/View/View.php(214): include('/var/www/dev.ba...')
#2 /var/www/dev.bathijs.local/system/View/View.php(217): CodeIgniter\View\View->CodeIgniter\View\{closure}()
#3 /var/www/dev.bathijs.local/system/Common.php(1092): CodeIgniter\View\View->render()
#4 /var/www/dev.bathijs.local/app/Controllers/Admin/Categories.php(31): view()
#5 /var/www/dev.bathijs.local/system/CodeIgniter.php(802): App\Controllers\Admin\Categories->index()
#6 /var/www/dev.bathijs.local/system/CodeIgniter.php(399): CodeIgniter\CodeIgniter->runController()
#7 /var/www/dev.bathijs.local/system/CodeIgniter.php(317): CodeIgniter\CodeIgniter->handleRequest()
#8 /var/www/dev.bathijs.local/public/index.php(37): CodeIgniter\CodeIgniter->run()
#9 {main}
CRITICAL - 2021-10-22 02:11:09 --> Undefined variable: projects
#0 /var/www/dev.bathijs.local/app/Views/admin/projects.php(17): CodeIgniter\Debug\Exceptions->errorHandler()
#1 /var/www/dev.bathijs.local/system/View/View.php(214): include('/var/www/dev.ba...')
#2 /var/www/dev.bathijs.local/system/View/View.php(217): CodeIgniter\View\View->CodeIgniter\View\{closure}()
#3 /var/www/dev.bathijs.local/system/Common.php(1092): CodeIgniter\View\View->render()
#4 /var/www/dev.bathijs.local/app/Controllers/Admin/Categories.php(31): view()
#5 /var/www/dev.bathijs.local/system/CodeIgniter.php(802): App\Controllers\Admin\Categories->index()
#6 /var/www/dev.bathijs.local/system/CodeIgniter.php(399): CodeIgniter\CodeIgniter->runController()
#7 /var/www/dev.bathijs.local/system/CodeIgniter.php(317): CodeIgniter\CodeIgniter->handleRequest()
#8 /var/www/dev.bathijs.local/public/index.php(37): CodeIgniter\CodeIgniter->run()
#9 {main}
CRITICAL - 2021-10-22 02:11:11 --> Undefined variable: projects
#0 /var/www/dev.bathijs.local/app/Views/admin/projects.php(17): CodeIgniter\Debug\Exceptions->errorHandler()
#1 /var/www/dev.bathijs.local/system/View/View.php(214): include('/var/www/dev.ba...')
#2 /var/www/dev.bathijs.local/system/View/View.php(217): CodeIgniter\View\View->CodeIgniter\View\{closure}()
#3 /var/www/dev.bathijs.local/system/Common.php(1092): CodeIgniter\View\View->render()
#4 /var/www/dev.bathijs.local/app/Controllers/Admin/Categories.php(31): view()
#5 /var/www/dev.bathijs.local/system/CodeIgniter.php(802): App\Controllers\Admin\Categories->index()
#6 /var/www/dev.bathijs.local/system/CodeIgniter.php(399): CodeIgniter\CodeIgniter->runController()
#7 /var/www/dev.bathijs.local/system/CodeIgniter.php(317): CodeIgniter\CodeIgniter->handleRequest()
#8 /var/www/dev.bathijs.local/public/index.php(37): CodeIgniter\CodeIgniter->run()
#9 {main}
CRITICAL - 2021-10-22 02:11:18 --> Undefined variable: projects
#0 /var/www/dev.bathijs.local/app/Views/admin/projects.php(17): CodeIgniter\Debug\Exceptions->errorHandler()
#1 /var/www/dev.bathijs.local/system/View/View.php(214): include('/var/www/dev.ba...')
#2 /var/www/dev.bathijs.local/system/View/View.php(217): CodeIgniter\View\View->CodeIgniter\View\{closure}()
#3 /var/www/dev.bathijs.local/system/Common.php(1092): CodeIgniter\View\View->render()
#4 /var/www/dev.bathijs.local/app/Controllers/Admin/Categories.php(31): view()
#5 /var/www/dev.bathijs.local/system/CodeIgniter.php(802): App\Controllers\Admin\Categories->index()
#6 /var/www/dev.bathijs.local/system/CodeIgniter.php(399): CodeIgniter\CodeIgniter->runController()
#7 /var/www/dev.bathijs.local/system/CodeIgniter.php(317): CodeIgniter\CodeIgniter->handleRequest()
#8 /var/www/dev.bathijs.local/public/index.php(37): CodeIgniter\CodeIgniter->run()
#9 {main}
CRITICAL - 2021-10-22 02:12:13 --> Undefined variable: projects
#0 /var/www/dev.bathijs.local/app/Views/admin/projects.php(17): CodeIgniter\Debug\Exceptions->errorHandler()
#1 /var/www/dev.bathijs.local/system/View/View.php(214): include('/var/www/dev.ba...')
#2 /var/www/dev.bathijs.local/system/View/View.php(217): CodeIgniter\View\View->CodeIgniter\View\{closure}()
#3 /var/www/dev.bathijs.local/system/Common.php(1092): CodeIgniter\View\View->render()
#4 /var/www/dev.bathijs.local/app/Controllers/Admin/Categories.php(31): view()
#5 /var/www/dev.bathijs.local/system/CodeIgniter.php(802): App\Controllers\Admin\Categories->index()
#6 /var/www/dev.bathijs.local/system/CodeIgniter.php(399): CodeIgniter\CodeIgniter->runController()
#7 /var/www/dev.bathijs.local/system/CodeIgniter.php(317): CodeIgniter\CodeIgniter->handleRequest()
#8 /var/www/dev.bathijs.local/public/index.php(37): CodeIgniter\CodeIgniter->run()
#9 {main}
CRITICAL - 2021-10-22 02:12:41 --> Undefined index: categorie
#0 /var/www/dev.bathijs.local/app/Views/admin/categories.php(20): CodeIgniter\Debug\Exceptions->errorHandler()
#1 /var/www/dev.bathijs.local/system/View/View.php(214): include('/var/www/dev.ba...')
#2 /var/www/dev.bathijs.local/system/View/View.php(217): CodeIgniter\View\View->CodeIgniter\View\{closure}()
#3 /var/www/dev.bathijs.local/system/Common.php(1092): CodeIgniter\View\View->render()
#4 /var/www/dev.bathijs.local/app/Controllers/Admin/Categories.php(31): view()
#5 /var/www/dev.bathijs.local/system/CodeIgniter.php(802): App\Controllers\Admin\Categories->index()
#6 /var/www/dev.bathijs.local/system/CodeIgniter.php(399): CodeIgniter\CodeIgniter->runController()
#7 /var/www/dev.bathijs.local/system/CodeIgniter.php(317): CodeIgniter\CodeIgniter->handleRequest()
#8 /var/www/dev.bathijs.local/public/index.php(37): CodeIgniter\CodeIgniter->run()
#9 {main}
CRITICAL - 2021-10-22 02:15:58 --> Undefined index: categorie
#0 /var/www/dev.bathijs.local/app/Views/admin/categories.php(20): CodeIgniter\Debug\Exceptions->errorHandler()
#1 /var/www/dev.bathijs.local/system/View/View.php(214): include('/var/www/dev.ba...')
#2 /var/www/dev.bathijs.local/system/View/View.php(217): CodeIgniter\View\View->CodeIgniter\View\{closure}()
#3 /var/www/dev.bathijs.local/system/Common.php(1092): CodeIgniter\View\View->render()
#4 /var/www/dev.bathijs.local/app/Controllers/Admin/Categories.php(31): view()
#5 /var/www/dev.bathijs.local/system/CodeIgniter.php(802): App\Controllers\Admin\Categories->index()
#6 /var/www/dev.bathijs.local/system/CodeIgniter.php(399): CodeIgniter\CodeIgniter->runController()
#7 /var/www/dev.bathijs.local/system/CodeIgniter.php(317): CodeIgniter\CodeIgniter->handleRequest()
#8 /var/www/dev.bathijs.local/public/index.php(37): CodeIgniter\CodeIgniter->run()
#9 {main}
CRITICAL - 2021-10-22 02:16:36 --> Undefined index: id
#0 /var/www/dev.bathijs.local/app/Views/admin/categories.php(22): CodeIgniter\Debug\Exceptions->errorHandler()
#1 /var/www/dev.bathijs.local/system/View/View.php(214): include('/var/www/dev.ba...')
#2 /var/www/dev.bathijs.local/system/View/View.php(217): CodeIgniter\View\View->CodeIgniter\View\{closure}()
#3 /var/www/dev.bathijs.local/system/Common.php(1092): CodeIgniter\View\View->render()
#4 /var/www/dev.bathijs.local/app/Controllers/Admin/Categories.php(31): view()
#5 /var/www/dev.bathijs.local/system/CodeIgniter.php(802): App\Controllers\Admin\Categories->index()
#6 /var/www/dev.bathijs.local/system/CodeIgniter.php(399): CodeIgniter\CodeIgniter->runController()
#7 /var/www/dev.bathijs.local/system/CodeIgniter.php(317): CodeIgniter\CodeIgniter->handleRequest()
#8 /var/www/dev.bathijs.local/public/index.php(37): CodeIgniter\CodeIgniter->run()
#9 {main}
CRITICAL - 2021-10-22 02:17:15 --> Undefined index: id
#0 /var/www/dev.bathijs.local/app/Views/admin/categories.php(22): CodeIgniter\Debug\Exceptions->errorHandler()
#1 /var/www/dev.bathijs.local/system/View/View.php(214): include('/var/www/dev.ba...')
#2 /var/www/dev.bathijs.local/system/View/View.php(217): CodeIgniter\View\View->CodeIgniter\View\{closure}()
#3 /var/www/dev.bathijs.local/system/Common.php(1092): CodeIgniter\View\View->render()
#4 /var/www/dev.bathijs.local/app/Controllers/Admin/Categories.php(31): view()
#5 /var/www/dev.bathijs.local/system/CodeIgniter.php(802): App\Controllers\Admin\Categories->index()
#6 /var/www/dev.bathijs.local/system/CodeIgniter.php(399): CodeIgniter\CodeIgniter->runController()
#7 /var/www/dev.bathijs.local/system/CodeIgniter.php(317): CodeIgniter\CodeIgniter->handleRequest()
#8 /var/www/dev.bathijs.local/public/index.php(37): CodeIgniter\CodeIgniter->run()
#9 {main}
CRITICAL - 2021-10-22 02:19:53 --> Undefined variable: projects
#0 /var/www/dev.bathijs.local/app/Views/admin/testimonials.php(17): CodeIgniter\Debug\Exceptions->errorHandler()
#1 /var/www/dev.bathijs.local/system/View/View.php(214): include('/var/www/dev.ba...')
#2 /var/www/dev.bathijs.local/system/View/View.php(217): CodeIgniter\View\View->CodeIgniter\View\{closure}()
#3 /var/www/dev.bathijs.local/system/Common.php(1092): CodeIgniter\View\View->render()
#4 /var/www/dev.bathijs.local/app/Controllers/Admin/Testimonials.php(24): view()
#5 /var/www/dev.bathijs.local/system/CodeIgniter.php(802): App\Controllers\Admin\Testimonials->index()
#6 /var/www/dev.bathijs.local/system/CodeIgniter.php(399): CodeIgniter\CodeIgniter->runController()
#7 /var/www/dev.bathijs.local/system/CodeIgniter.php(317): CodeIgniter\CodeIgniter->handleRequest()
#8 /var/www/dev.bathijs.local/public/index.php(37): CodeIgniter\CodeIgniter->run()
#9 {main}
CRITICAL - 2021-10-22 02:20:24 --> Undefined variable: projects
#0 /var/www/dev.bathijs.local/app/Views/admin/testimonials.php(17): CodeIgniter\Debug\Exceptions->errorHandler()
#1 /var/www/dev.bathijs.local/system/View/View.php(214): include('/var/www/dev.ba...')
#2 /var/www/dev.bathijs.local/system/View/View.php(217): CodeIgniter\View\View->CodeIgniter\View\{closure}()
#3 /var/www/dev.bathijs.local/system/Common.php(1092): CodeIgniter\View\View->render()
#4 /var/www/dev.bathijs.local/app/Controllers/Admin/Testimonials.php(25): view()
#5 /var/www/dev.bathijs.local/system/CodeIgniter.php(802): App\Controllers\Admin\Testimonials->index()
#6 /var/www/dev.bathijs.local/system/CodeIgniter.php(399): CodeIgniter\CodeIgniter->runController()
#7 /var/www/dev.bathijs.local/system/CodeIgniter.php(317): CodeIgniter\CodeIgniter->handleRequest()
#8 /var/www/dev.bathijs.local/public/index.php(37): CodeIgniter\CodeIgniter->run()
#9 {main}
CRITICAL - 2021-10-22 02:22:24 --> Undefined variable: projects
#0 /var/www/dev.bathijs.local/app/Views/admin/testimonials.php(17): CodeIgniter\Debug\Exceptions->errorHandler()
#1 /var/www/dev.bathijs.local/system/View/View.php(214): include('/var/www/dev.ba...')
#2 /var/www/dev.bathijs.local/system/View/View.php(217): CodeIgniter\View\View->CodeIgniter\View\{closure}()
#3 /var/www/dev.bathijs.local/system/Common.php(1092): CodeIgniter\View\View->render()
#4 /var/www/dev.bathijs.local/app/Controllers/Admin/Testimonials.php(32): view()
#5 /var/www/dev.bathijs.local/system/CodeIgniter.php(802): App\Controllers\Admin\Testimonials->index()
#6 /var/www/dev.bathijs.local/system/CodeIgniter.php(399): CodeIgniter\CodeIgniter->runController()
#7 /var/www/dev.bathijs.local/system/CodeIgniter.php(317): CodeIgniter\CodeIgniter->handleRequest()
#8 /var/www/dev.bathijs.local/public/index.php(37): CodeIgniter\CodeIgniter->run()
#9 {main}
CRITICAL - 2021-10-22 02:23:03 --> Undefined variable: testimonials
#0 /var/www/dev.bathijs.local/app/Views/admin/testimonials.php(17): CodeIgniter\Debug\Exceptions->errorHandler()
#1 /var/www/dev.bathijs.local/system/View/View.php(214): include('/var/www/dev.ba...')
#2 /var/www/dev.bathijs.local/system/View/View.php(217): CodeIgniter\View\View->CodeIgniter\View\{closure}()
#3 /var/www/dev.bathijs.local/system/Common.php(1092): CodeIgniter\View\View->render()
#4 /var/www/dev.bathijs.local/app/Controllers/Admin/Testimonials.php(32): view()
#5 /var/www/dev.bathijs.local/system/CodeIgniter.php(802): App\Controllers\Admin\Testimonials->index()
#6 /var/www/dev.bathijs.local/system/CodeIgniter.php(399): CodeIgniter\CodeIgniter->runController()
#7 /var/www/dev.bathijs.local/system/CodeIgniter.php(317): CodeIgniter\CodeIgniter->handleRequest()
#8 /var/www/dev.bathijs.local/public/index.php(37): CodeIgniter\CodeIgniter->run()
#9 {main}
CRITICAL - 2021-10-22 02:33:09 --> Undefined index: title
#0 /var/www/dev.bathijs.local/app/Views/admin/testimonials.php(19): CodeIgniter\Debug\Exceptions->errorHandler()
#1 /var/www/dev.bathijs.local/system/View/View.php(214): include('/var/www/dev.ba...')
#2 /var/www/dev.bathijs.local/system/View/View.php(217): CodeIgniter\View\View->CodeIgniter\View\{closure}()
#3 /var/www/dev.bathijs.local/system/Common.php(1092): CodeIgniter\View\View->render()
#4 /var/www/dev.bathijs.local/app/Controllers/Admin/Testimonials.php(32): view()
#5 /var/www/dev.bathijs.local/system/CodeIgniter.php(802): App\Controllers\Admin\Testimonials->index()
#6 /var/www/dev.bathijs.local/system/CodeIgniter.php(399): CodeIgniter\CodeIgniter->runController()
#7 /var/www/dev.bathijs.local/system/CodeIgniter.php(317): CodeIgniter\CodeIgniter->handleRequest()
#8 /var/www/dev.bathijs.local/public/index.php(37): CodeIgniter\CodeIgniter->run()
#9 {main}
ERROR - 2021-10-22 02:55:23 --> Column 'nameId' in on clause is ambiguous
CRITICAL - 2021-10-22 02:55:23 --> Column 'nameId' in on clause is ambiguous
#0 /var/www/dev.bathijs.local/system/Database/MySQLi/Connection.php(280): mysqli->query()
#1 /var/www/dev.bathijs.local/system/Database/BaseConnection.php(663): CodeIgniter\Database\MySQLi\Connection->execute()
#2 /var/www/dev.bathijs.local/system/Database/BaseConnection.php(591): CodeIgniter\Database\BaseConnection->simpleQuery()
#3 /var/www/dev.bathijs.local/system/Database/BaseBuilder.php(1428): CodeIgniter\Database\BaseConnection->query()
#4 /var/www/dev.bathijs.local/system/Model.php(183): CodeIgniter\Database\BaseBuilder->get()
#5 /var/www/dev.bathijs.local/system/BaseModel.php(584): CodeIgniter\Model->doFindAll()
#6 /var/www/dev.bathijs.local/app/Models/CategorieModel.php(37): CodeIgniter\BaseModel->findAll()
#7 /var/www/dev.bathijs.local/app/Controllers/Admin/Categories.php(27): App\Models\CategorieModel->getCategoriesData()
#8 /var/www/dev.bathijs.local/system/CodeIgniter.php(802): App\Controllers\Admin\Categories->index()
#9 /var/www/dev.bathijs.local/system/CodeIgniter.php(399): CodeIgniter\CodeIgniter->runController()
#10 /var/www/dev.bathijs.local/system/CodeIgniter.php(317): CodeIgniter\CodeIgniter->handleRequest()
#11 /var/www/dev.bathijs.local/public/index.php(37): CodeIgniter\CodeIgniter->run()
#12 {main}
CRITICAL - 2021-10-22 02:57:21 --> Undefined index: nameId
#0 /var/www/dev.bathijs.local/app/Views/admin/categories.php(22): CodeIgniter\Debug\Exceptions->errorHandler()
#1 /var/www/dev.bathijs.local/system/View/View.php(214): include('/var/www/dev.ba...')
#2 /var/www/dev.bathijs.local/system/View/View.php(217): CodeIgniter\View\View->CodeIgniter\View\{closure}()
#3 /var/www/dev.bathijs.local/system/Common.php(1092): CodeIgniter\View\View->render()
#4 /var/www/dev.bathijs.local/app/Controllers/Admin/Categories.php(31): view()
#5 /var/www/dev.bathijs.local/system/CodeIgniter.php(802): App\Controllers\Admin\Categories->index()
#6 /var/www/dev.bathijs.local/system/CodeIgniter.php(399): CodeIgniter\CodeIgniter->runController()
#7 /var/www/dev.bathijs.local/system/CodeIgniter.php(317): CodeIgniter\CodeIgniter->handleRequest()
#8 /var/www/dev.bathijs.local/public/index.php(37): CodeIgniter\CodeIgniter->run()
#9 {main}
CRITICAL - 2021-10-22 04:58:01 --> Undefined index: nbrProjects
#0 /var/www/dev.bathijs.local/app/Views/admin/categories.php(20): CodeIgniter\Debug\Exceptions->errorHandler()
#1 /var/www/dev.bathijs.local/system/View/View.php(214): include('/var/www/dev.ba...')
#2 /var/www/dev.bathijs.local/system/View/View.php(217): CodeIgniter\View\View->CodeIgniter\View\{closure}()
#3 /var/www/dev.bathijs.local/system/Common.php(1092): CodeIgniter\View\View->render()
#4 /var/www/dev.bathijs.local/app/Controllers/Admin/Categories.php(31): view()
#5 /var/www/dev.bathijs.local/system/CodeIgniter.php(802): App\Controllers\Admin\Categories->index()
#6 /var/www/dev.bathijs.local/system/CodeIgniter.php(399): CodeIgniter\CodeIgniter->runController()
#7 /var/www/dev.bathijs.local/system/CodeIgniter.php(317): CodeIgniter\CodeIgniter->handleRequest()
#8 /var/www/dev.bathijs.local/public/index.php(37): CodeIgniter\CodeIgniter->run()
#9 {main}
CRITICAL - 2021-10-22 05:02:38 --> Undefined index: nbrProjects
#0 /var/www/dev.bathijs.local/app/Views/admin/categories.php(20): CodeIgniter\Debug\Exceptions->errorHandler()
#1 /var/www/dev.bathijs.local/system/View/View.php(214): include('/var/www/dev.ba...')
#2 /var/www/dev.bathijs.local/system/View/View.php(217): CodeIgniter\View\View->CodeIgniter\View\{closure}()
#3 /var/www/dev.bathijs.local/system/Common.php(1092): CodeIgniter\View\View->render()
#4 /var/www/dev.bathijs.local/app/Controllers/Admin/Categories.php(31): view()
#5 /var/www/dev.bathijs.local/system/CodeIgniter.php(802): App\Controllers\Admin\Categories->index()
#6 /var/www/dev.bathijs.local/system/CodeIgniter.php(399): CodeIgniter\CodeIgniter->runController()
#7 /var/www/dev.bathijs.local/system/CodeIgniter.php(317): CodeIgniter\CodeIgniter->handleRequest()
#8 /var/www/dev.bathijs.local/public/index.php(37): CodeIgniter\CodeIgniter->run()
#9 {main}
CRITICAL - 2021-10-22 05:03:54 --> Undefined index: nbrProjects
#0 /var/www/dev.bathijs.local/app/Views/admin/categories.php(23): CodeIgniter\Debug\Exceptions->errorHandler()
#1 /var/www/dev.bathijs.local/system/View/View.php(214): include('/var/www/dev.ba...')
#2 /var/www/dev.bathijs.local/system/View/View.php(217): CodeIgniter\View\View->CodeIgniter\View\{closure}()
#3 /var/www/dev.bathijs.local/system/Common.php(1092): CodeIgniter\View\View->render()
#4 /var/www/dev.bathijs.local/app/Controllers/Admin/Categories.php(31): view()
#5 /var/www/dev.bathijs.local/system/CodeIgniter.php(802): App\Controllers\Admin\Categories->index()
#6 /var/www/dev.bathijs.local/system/CodeIgniter.php(399): CodeIgniter\CodeIgniter->runController()
#7 /var/www/dev.bathijs.local/system/CodeIgniter.php(317): CodeIgniter\CodeIgniter->handleRequest()
#8 /var/www/dev.bathijs.local/public/index.php(37): CodeIgniter\CodeIgniter->run()
#9 {main}
CRITICAL - 2021-10-22 05:03:56 --> Undefined index: nbrProjects
#0 /var/www/dev.bathijs.local/app/Views/admin/categories.php(23): CodeIgniter\Debug\Exceptions->errorHandler()
#1 /var/www/dev.bathijs.local/system/View/View.php(214): include('/var/www/dev.ba...')
#2 /var/www/dev.bathijs.local/system/View/View.php(217): CodeIgniter\View\View->CodeIgniter\View\{closure}()
#3 /var/www/dev.bathijs.local/system/Common.php(1092): CodeIgniter\View\View->render()
#4 /var/www/dev.bathijs.local/app/Controllers/Admin/Categories.php(31): view()
#5 /var/www/dev.bathijs.local/system/CodeIgniter.php(802): App\Controllers\Admin\Categories->index()
#6 /var/www/dev.bathijs.local/system/CodeIgniter.php(399): CodeIgniter\CodeIgniter->runController()
#7 /var/www/dev.bathijs.local/system/CodeIgniter.php(317): CodeIgniter\CodeIgniter->handleRequest()
#8 /var/www/dev.bathijs.local/public/index.php(37): CodeIgniter\CodeIgniter->run()
#9 {main}
CRITICAL - 2021-10-22 05:04:14 --> syntax error, unexpected '?>'
#0 /var/www/dev.bathijs.local/system/View/View.php(217): CodeIgniter\View\View->CodeIgniter\View\{closure}()
#1 /var/www/dev.bathijs.local/system/Common.php(1092): CodeIgniter\View\View->render()
#2 /var/www/dev.bathijs.local/app/Controllers/Admin/Categories.php(31): view()
#3 /var/www/dev.bathijs.local/system/CodeIgniter.php(802): App\Controllers\Admin\Categories->index()
#4 /var/www/dev.bathijs.local/system/CodeIgniter.php(399): CodeIgniter\CodeIgniter->runController()
#5 /var/www/dev.bathijs.local/system/CodeIgniter.php(317): CodeIgniter\CodeIgniter->handleRequest()
#6 /var/www/dev.bathijs.local/public/index.php(37): CodeIgniter\CodeIgniter->run()
#7 {main}
CRITICAL - 2021-10-22 05:06:39 --> Object of class Closure could not be converted to string
#0 /var/www/dev.bathijs.local/app/Controllers/Admin/Categories.php(27): App\Models\CategorieModel->getCategoriesData()
#1 /var/www/dev.bathijs.local/system/CodeIgniter.php(802): App\Controllers\Admin\Categories->index()
#2 /var/www/dev.bathijs.local/system/CodeIgniter.php(399): CodeIgniter\CodeIgniter->runController()
#3 /var/www/dev.bathijs.local/system/CodeIgniter.php(317): CodeIgniter\CodeIgniter->handleRequest()
#4 /var/www/dev.bathijs.local/public/index.php(37): CodeIgniter\CodeIgniter->run()
#5 {main}
CRITICAL - 2021-10-22 05:07:11 --> Object of class Closure could not be converted to string
#0 /var/www/dev.bathijs.local/app/Controllers/Admin/Categories.php(27): App\Models\CategorieModel->getCategoriesData()
#1 /var/www/dev.bathijs.local/system/CodeIgniter.php(802): App\Controllers\Admin\Categories->index()
#2 /var/www/dev.bathijs.local/system/CodeIgniter.php(399): CodeIgniter\CodeIgniter->runController()
#3 /var/www/dev.bathijs.local/system/CodeIgniter.php(317): CodeIgniter\CodeIgniter->handleRequest()
#4 /var/www/dev.bathijs.local/public/index.php(37): CodeIgniter\CodeIgniter->run()
#5 {main}
CRITICAL - 2021-10-22 05:11:20 --> Object of class Closure could not be converted to string
#0 /var/www/dev.bathijs.local/app/Controllers/Admin/Categories.php(27): App\Models\CategorieModel->getCategoriesData()
#1 /var/www/dev.bathijs.local/system/CodeIgniter.php(802): App\Controllers\Admin\Categories->index()
#2 /var/www/dev.bathijs.local/system/CodeIgniter.php(399): CodeIgniter\CodeIgniter->runController()
#3 /var/www/dev.bathijs.local/system/CodeIgniter.php(317): CodeIgniter\CodeIgniter->handleRequest()
#4 /var/www/dev.bathijs.local/public/index.php(37): CodeIgniter\CodeIgniter->run()
#5 {main}
CRITICAL - 2021-10-22 09:23:10 --> Undefined variable: projects
#0 /var/www/dev.bathijs.local/app/Views/admin/team.php(17): CodeIgniter\Debug\Exceptions->errorHandler()
#1 /var/www/dev.bathijs.local/system/View/View.php(214): include('/var/www/dev.ba...')
#2 /var/www/dev.bathijs.local/system/View/View.php(217): CodeIgniter\View\View->CodeIgniter\View\{closure}()
#3 /var/www/dev.bathijs.local/system/Common.php(1092): CodeIgniter\View\View->render()
#4 /var/www/dev.bathijs.local/app/Controllers/Admin/Team.php(24): view()
#5 /var/www/dev.bathijs.local/system/CodeIgniter.php(802): App\Controllers\Admin\Team->index()
#6 /var/www/dev.bathijs.local/system/CodeIgniter.php(399): CodeIgniter\CodeIgniter->runController()
#7 /var/www/dev.bathijs.local/system/CodeIgniter.php(317): CodeIgniter\CodeIgniter->handleRequest()
#8 /var/www/dev.bathijs.local/public/index.php(37): CodeIgniter\CodeIgniter->run()
#9 {main}
CRITICAL - 2021-10-22 09:26:26 --> syntax error, unexpected '$data' (T_VARIABLE)
#0 /var/www/dev.bathijs.local/system/Autoloader/Autoloader.php(241): CodeIgniter\Autoloader\Autoloader->includeFile()
#1 /var/www/dev.bathijs.local/system/Autoloader/Autoloader.php(219): CodeIgniter\Autoloader\Autoloader->loadInNamespace()
#2 [internal function]: CodeIgniter\Autoloader\Autoloader->loadClass()
#3 [internal function]: spl_autoload_call()
#4 /var/www/dev.bathijs.local/system/CodeIgniter.php(767): class_exists()
#5 /var/www/dev.bathijs.local/system/CodeIgniter.php(386): CodeIgniter\CodeIgniter->startController()
#6 /var/www/dev.bathijs.local/system/CodeIgniter.php(317): CodeIgniter\CodeIgniter->handleRequest()
#7 /var/www/dev.bathijs.local/public/index.php(37): CodeIgniter\CodeIgniter->run()
#8 {main}
CRITICAL - 2021-10-22 09:26:44 --> Call to undefined method App\Models\TeamModel::getAll
#0 /var/www/dev.bathijs.local/app/Controllers/Admin/Team.php(27): CodeIgniter\Model->__call()
#1 /var/www/dev.bathijs.local/system/CodeIgniter.php(802): App\Controllers\Admin\Team->index()
#2 /var/www/dev.bathijs.local/system/CodeIgniter.php(399): CodeIgniter\CodeIgniter->runController()
#3 /var/www/dev.bathijs.local/system/CodeIgniter.php(317): CodeIgniter\CodeIgniter->handleRequest()
#4 /var/www/dev.bathijs.local/public/index.php(37): CodeIgniter\CodeIgniter->run()
#5 {main}
CRITICAL - 2021-10-22 09:27:03 --> Undefined variable: team
#0 /var/www/dev.bathijs.local/app/Views/admin/team.php(17): CodeIgniter\Debug\Exceptions->errorHandler()
#1 /var/www/dev.bathijs.local/system/View/View.php(214): include('/var/www/dev.ba...')
#2 /var/www/dev.bathijs.local/system/View/View.php(217): CodeIgniter\View\View->CodeIgniter\View\{closure}()
#3 /var/www/dev.bathijs.local/system/Common.php(1092): CodeIgniter\View\View->render()
#4 /var/www/dev.bathijs.local/app/Controllers/Admin/Team.php(31): view()
#5 /var/www/dev.bathijs.local/system/CodeIgniter.php(802): App\Controllers\Admin\Team->index()
#6 /var/www/dev.bathijs.local/system/CodeIgniter.php(399): CodeIgniter\CodeIgniter->runController()
#7 /var/www/dev.bathijs.local/system/CodeIgniter.php(317): CodeIgniter\CodeIgniter->handleRequest()
#8 /var/www/dev.bathijs.local/public/index.php(37): CodeIgniter\CodeIgniter->run()
#9 {main}
CRITICAL - 2021-10-22 09:27:15 --> Undefined variable: team
#0 /var/www/dev.bathijs.local/app/Views/admin/team.php(17): CodeIgniter\Debug\Exceptions->errorHandler()
#1 /var/www/dev.bathijs.local/system/View/View.php(214): include('/var/www/dev.ba...')
#2 /var/www/dev.bathijs.local/system/View/View.php(217): CodeIgniter\View\View->CodeIgniter\View\{closure}()
#3 /var/www/dev.bathijs.local/system/Common.php(1092): CodeIgniter\View\View->render()
#4 /var/www/dev.bathijs.local/app/Controllers/Admin/Team.php(31): view()
#5 /var/www/dev.bathijs.local/system/CodeIgniter.php(802): App\Controllers\Admin\Team->index()
#6 /var/www/dev.bathijs.local/system/CodeIgniter.php(399): CodeIgniter\CodeIgniter->runController()
#7 /var/www/dev.bathijs.local/system/CodeIgniter.php(317): CodeIgniter\CodeIgniter->handleRequest()
#8 /var/www/dev.bathijs.local/public/index.php(37): CodeIgniter\CodeIgniter->run()
#9 {main}
CRITICAL - 2021-10-22 09:50:37 --> Undefined variable: project
#0 /var/www/dev.bathijs.local/app/Views/admin/team.php(19): CodeIgniter\Debug\Exceptions->errorHandler()
#1 /var/www/dev.bathijs.local/system/View/View.php(214): include('/var/www/dev.ba...')
#2 /var/www/dev.bathijs.local/system/View/View.php(217): CodeIgniter\View\View->CodeIgniter\View\{closure}()
#3 /var/www/dev.bathijs.local/system/Common.php(1092): CodeIgniter\View\View->render()
#4 /var/www/dev.bathijs.local/app/Controllers/Admin/Team.php(31): view()
#5 /var/www/dev.bathijs.local/system/CodeIgniter.php(802): App\Controllers\Admin\Team->index()
#6 /var/www/dev.bathijs.local/system/CodeIgniter.php(399): CodeIgniter\CodeIgniter->runController()
#7 /var/www/dev.bathijs.local/system/CodeIgniter.php(317): CodeIgniter\CodeIgniter->handleRequest()
#8 /var/www/dev.bathijs.local/public/index.php(37): CodeIgniter\CodeIgniter->run()
#9 {main}
CRITICAL - 2021-10-22 09:52:40 --> Undefined index: title
#0 /var/www/dev.bathijs.local/app/Views/admin/team.php(19): CodeIgniter\Debug\Exceptions->errorHandler()
#1 /var/www/dev.bathijs.local/system/View/View.php(214): include('/var/www/dev.ba...')
#2 /var/www/dev.bathijs.local/system/View/View.php(217): CodeIgniter\View\View->CodeIgniter\View\{closure}()
#3 /var/www/dev.bathijs.local/system/Common.php(1092): CodeIgniter\View\View->render()
#4 /var/www/dev.bathijs.local/app/Controllers/Admin/Team.php(31): view()
#5 /var/www/dev.bathijs.local/system/CodeIgniter.php(802): App\Controllers\Admin\Team->index()
#6 /var/www/dev.bathijs.local/system/CodeIgniter.php(399): CodeIgniter\CodeIgniter->runController()
#7 /var/www/dev.bathijs.local/system/CodeIgniter.php(317): CodeIgniter\CodeIgniter->handleRequest()
#8 /var/www/dev.bathijs.local/public/index.php(37): CodeIgniter\CodeIgniter->run()
#9 {main}
CRITICAL - 2021-10-22 09:55:02 --> Undefined index: lastUpdated
#0 /var/www/dev.bathijs.local/app/Views/admin/team.php(21): CodeIgniter\Debug\Exceptions->errorHandler()
#1 /var/www/dev.bathijs.local/system/View/View.php(214): include('/var/www/dev.ba...')
#2 /var/www/dev.bathijs.local/system/View/View.php(217): CodeIgniter\View\View->CodeIgniter\View\{closure}()
#3 /var/www/dev.bathijs.local/system/Common.php(1092): CodeIgniter\View\View->render()
#4 /var/www/dev.bathijs.local/app/Controllers/Admin/Team.php(31): view()
#5 /var/www/dev.bathijs.local/system/CodeIgniter.php(802): App\Controllers\Admin\Team->index()
#6 /var/www/dev.bathijs.local/system/CodeIgniter.php(399): CodeIgniter\CodeIgniter->runController()
#7 /var/www/dev.bathijs.local/system/CodeIgniter.php(317): CodeIgniter\CodeIgniter->handleRequest()
#8 /var/www/dev.bathijs.local/public/index.php(37): CodeIgniter\CodeIgniter->run()
#9 {main}
CRITICAL - 2021-10-22 09:58:19 --> Undefined variable: projects
#0 /var/www/dev.bathijs.local/app/Views/admin/faq.php(17): CodeIgniter\Debug\Exceptions->errorHandler()
#1 /var/www/dev.bathijs.local/system/View/View.php(214): include('/var/www/dev.ba...')
#2 /var/www/dev.bathijs.local/system/View/View.php(217): CodeIgniter\View\View->CodeIgniter\View\{closure}()
#3 /var/www/dev.bathijs.local/system/Common.php(1092): CodeIgniter\View\View->render()
#4 /var/www/dev.bathijs.local/app/Controllers/Admin/Faq.php(23): view()
#5 /var/www/dev.bathijs.local/system/CodeIgniter.php(802): App\Controllers\Admin\Faq->index()
#6 /var/www/dev.bathijs.local/system/CodeIgniter.php(399): CodeIgniter\CodeIgniter->runController()
#7 /var/www/dev.bathijs.local/system/CodeIgniter.php(317): CodeIgniter\CodeIgniter->handleRequest()
#8 /var/www/dev.bathijs.local/public/index.php(37): CodeIgniter\CodeIgniter->run()
#9 {main}
CRITICAL - 2021-10-22 10:02:30 --> Call to undefined function App\Controllers\Admin\printr()
#0 /var/www/dev.bathijs.local/system/CodeIgniter.php(802): App\Controllers\Admin\Home->index()
#1 /var/www/dev.bathijs.local/system/CodeIgniter.php(399): CodeIgniter\CodeIgniter->runController()
#2 /var/www/dev.bathijs.local/system/CodeIgniter.php(317): CodeIgniter\CodeIgniter->handleRequest()
#3 /var/www/dev.bathijs.local/public/index.php(37): CodeIgniter\CodeIgniter->run()
#4 {main}
CRITICAL - 2021-10-22 10:03:51 --> Undefined variable: projects
#0 /var/www/dev.bathijs.local/app/Views/admin/admins.php(17): CodeIgniter\Debug\Exceptions->errorHandler()
#1 /var/www/dev.bathijs.local/system/View/View.php(214): include('/var/www/dev.ba...')
#2 /var/www/dev.bathijs.local/system/View/View.php(217): CodeIgniter\View\View->CodeIgniter\View\{closure}()
#3 /var/www/dev.bathijs.local/system/Common.php(1092): CodeIgniter\View\View->render()
#4 /var/www/dev.bathijs.local/app/Controllers/Admin/Admins.php(24): view()
#5 /var/www/dev.bathijs.local/system/CodeIgniter.php(802): App\Controllers\Admin\Admins->index()
#6 /var/www/dev.bathijs.local/system/CodeIgniter.php(399): CodeIgniter\CodeIgniter->runController()
#7 /var/www/dev.bathijs.local/system/CodeIgniter.php(317): CodeIgniter\CodeIgniter->handleRequest()
#8 /var/www/dev.bathijs.local/public/index.php(37): CodeIgniter\CodeIgniter->run()
#9 {main}
CRITICAL - 2021-10-22 10:07:42 --> Undefined variable: projects
#0 /var/www/dev.bathijs.local/app/Views/admin/admins.php(17): CodeIgniter\Debug\Exceptions->errorHandler()
#1 /var/www/dev.bathijs.local/system/View/View.php(214): include('/var/www/dev.ba...')
#2 /var/www/dev.bathijs.local/system/View/View.php(217): CodeIgniter\View\View->CodeIgniter\View\{closure}()
#3 /var/www/dev.bathijs.local/system/Common.php(1092): CodeIgniter\View\View->render()
#4 /var/www/dev.bathijs.local/app/Controllers/Admin/Admins.php(24): view()
#5 /var/www/dev.bathijs.local/system/CodeIgniter.php(802): App\Controllers\Admin\Admins->index()
#6 /var/www/dev.bathijs.local/system/CodeIgniter.php(399): CodeIgniter\CodeIgniter->runController()
#7 /var/www/dev.bathijs.local/system/CodeIgniter.php(317): CodeIgniter\CodeIgniter->handleRequest()
#8 /var/www/dev.bathijs.local/public/index.php(37): CodeIgniter\CodeIgniter->run()
#9 {main}
CRITICAL - 2021-10-22 10:07:47 --> Undefined variable: projects
#0 /var/www/dev.bathijs.local/app/Views/admin/admins.php(17): CodeIgniter\Debug\Exceptions->errorHandler()
#1 /var/www/dev.bathijs.local/system/View/View.php(214): include('/var/www/dev.ba...')
#2 /var/www/dev.bathijs.local/system/View/View.php(217): CodeIgniter\View\View->CodeIgniter\View\{closure}()
#3 /var/www/dev.bathijs.local/system/Common.php(1092): CodeIgniter\View\View->render()
#4 /var/www/dev.bathijs.local/app/Controllers/Admin/Admins.php(24): view()
#5 /var/www/dev.bathijs.local/system/CodeIgniter.php(802): App\Controllers\Admin\Admins->index()
#6 /var/www/dev.bathijs.local/system/CodeIgniter.php(399): CodeIgniter\CodeIgniter->runController()
#7 /var/www/dev.bathijs.local/system/CodeIgniter.php(317): CodeIgniter\CodeIgniter->handleRequest()
#8 /var/www/dev.bathijs.local/public/index.php(37): CodeIgniter\CodeIgniter->run()
#9 {main}
CRITICAL - 2021-10-22 10:07:59 --> Undefined variable: projects
#0 /var/www/dev.bathijs.local/app/Views/admin/faq.php(17): CodeIgniter\Debug\Exceptions->errorHandler()
#1 /var/www/dev.bathijs.local/system/View/View.php(214): include('/var/www/dev.ba...')
#2 /var/www/dev.bathijs.local/system/View/View.php(217): CodeIgniter\View\View->CodeIgniter\View\{closure}()
#3 /var/www/dev.bathijs.local/system/Common.php(1092): CodeIgniter\View\View->render()
#4 /var/www/dev.bathijs.local/app/Controllers/Admin/Faq.php(23): view()
#5 /var/www/dev.bathijs.local/system/CodeIgniter.php(802): App\Controllers\Admin\Faq->index()
#6 /var/www/dev.bathijs.local/system/CodeIgniter.php(399): CodeIgniter\CodeIgniter->runController()
#7 /var/www/dev.bathijs.local/system/CodeIgniter.php(317): CodeIgniter\CodeIgniter->handleRequest()
#8 /var/www/dev.bathijs.local/public/index.php(37): CodeIgniter\CodeIgniter->run()
#9 {main}
CRITICAL - 2021-10-22 10:08:39 --> Undefined variable: projects
#0 /var/www/dev.bathijs.local/app/Views/admin/faq.php(17): CodeIgniter\Debug\Exceptions->errorHandler()
#1 /var/www/dev.bathijs.local/system/View/View.php(214): include('/var/www/dev.ba...')
#2 /var/www/dev.bathijs.local/system/View/View.php(217): CodeIgniter\View\View->CodeIgniter\View\{closure}()
#3 /var/www/dev.bathijs.local/system/Common.php(1092): CodeIgniter\View\View->render()
#4 /var/www/dev.bathijs.local/app/Controllers/Admin/Faq.php(23): view()
#5 /var/www/dev.bathijs.local/system/CodeIgniter.php(802): App\Controllers\Admin\Faq->index()
#6 /var/www/dev.bathijs.local/system/CodeIgniter.php(399): CodeIgniter\CodeIgniter->runController()
#7 /var/www/dev.bathijs.local/system/CodeIgniter.php(317): CodeIgniter\CodeIgniter->handleRequest()
#8 /var/www/dev.bathijs.local/public/index.php(37): CodeIgniter\CodeIgniter->run()
#9 {main}
CRITICAL - 2021-10-22 10:14:18 --> Call to undefined method App\Models\FaqModel::getAll
#0 /var/www/dev.bathijs.local/app/Controllers/Admin/Faq.php(27): CodeIgniter\Model->__call()
#1 /var/www/dev.bathijs.local/system/CodeIgniter.php(802): App\Controllers\Admin\Faq->index()
#2 /var/www/dev.bathijs.local/system/CodeIgniter.php(399): CodeIgniter\CodeIgniter->runController()
#3 /var/www/dev.bathijs.local/system/CodeIgniter.php(317): CodeIgniter\CodeIgniter->handleRequest()
#4 /var/www/dev.bathijs.local/public/index.php(37): CodeIgniter\CodeIgniter->run()
#5 {main}
CRITICAL - 2021-10-22 10:14:29 --> Call to undefined method App\Models\FaqModel::fechAll
#0 /var/www/dev.bathijs.local/app/Controllers/Admin/Faq.php(27): CodeIgniter\Model->__call()
#1 /var/www/dev.bathijs.local/system/CodeIgniter.php(802): App\Controllers\Admin\Faq->index()
#2 /var/www/dev.bathijs.local/system/CodeIgniter.php(399): CodeIgniter\CodeIgniter->runController()
#3 /var/www/dev.bathijs.local/system/CodeIgniter.php(317): CodeIgniter\CodeIgniter->handleRequest()
#4 /var/www/dev.bathijs.local/public/index.php(37): CodeIgniter\CodeIgniter->run()
#5 {main}
CRITICAL - 2021-10-22 10:14:41 --> Undefined variable: project
#0 /var/www/dev.bathijs.local/app/Views/admin/faq.php(19): CodeIgniter\Debug\Exceptions->errorHandler()
#1 /var/www/dev.bathijs.local/system/View/View.php(214): include('/var/www/dev.ba...')
#2 /var/www/dev.bathijs.local/system/View/View.php(217): CodeIgniter\View\View->CodeIgniter\View\{closure}()
#3 /var/www/dev.bathijs.local/system/Common.php(1092): CodeIgniter\View\View->render()
#4 /var/www/dev.bathijs.local/app/Controllers/Admin/Faq.php(31): view()
#5 /var/www/dev.bathijs.local/system/CodeIgniter.php(802): App\Controllers\Admin\Faq->index()
#6 /var/www/dev.bathijs.local/system/CodeIgniter.php(399): CodeIgniter\CodeIgniter->runController()
#7 /var/www/dev.bathijs.local/system/CodeIgniter.php(317): CodeIgniter\CodeIgniter->handleRequest()
#8 /var/www/dev.bathijs.local/public/index.php(37): CodeIgniter\CodeIgniter->run()
#9 {main}
CRITICAL - 2021-10-22 10:24:32 --> Undefined variable: projects
#0 /var/www/dev.bathijs.local/app/Views/admin/admins.php(17): CodeIgniter\Debug\Exceptions->errorHandler()
#1 /var/www/dev.bathijs.local/system/View/View.php(214): include('/var/www/dev.ba...')
#2 /var/www/dev.bathijs.local/system/View/View.php(217): CodeIgniter\View\View->CodeIgniter\View\{closure}()
#3 /var/www/dev.bathijs.local/system/Common.php(1092): CodeIgniter\View\View->render()
#4 /var/www/dev.bathijs.local/app/Controllers/Admin/Admins.php(24): view()
#5 /var/www/dev.bathijs.local/system/CodeIgniter.php(802): App\Controllers\Admin\Admins->index()
#6 /var/www/dev.bathijs.local/system/CodeIgniter.php(399): CodeIgniter\CodeIgniter->runController()
#7 /var/www/dev.bathijs.local/system/CodeIgniter.php(317): CodeIgniter\CodeIgniter->handleRequest()
#8 /var/www/dev.bathijs.local/public/index.php(37): CodeIgniter\CodeIgniter->run()
#9 {main}
CRITICAL - 2021-10-22 10:58:52 --> Undefined variable: table
#0 /var/www/dev.bathijs.local/app/Models/Admin/AdminModel.php(33): CodeIgniter\Debug\Exceptions->errorHandler()
#1 /var/www/dev.bathijs.local/app/Controllers/Admin/Admins.php(24): App\Models\Admin\AdminModel->adminsDataTable()
#2 /var/www/dev.bathijs.local/system/CodeIgniter.php(802): App\Controllers\Admin\Admins->index()
#3 /var/www/dev.bathijs.local/system/CodeIgniter.php(399): CodeIgniter\CodeIgniter->runController()
#4 /var/www/dev.bathijs.local/system/CodeIgniter.php(317): CodeIgniter\CodeIgniter->handleRequest()
#5 /var/www/dev.bathijs.local/public/index.php(37): CodeIgniter\CodeIgniter->run()
#6 {main}
CRITICAL - 2021-10-22 10:59:23 --> Undefined variable: bilder
#0 /var/www/dev.bathijs.local/app/Models/Admin/AdminModel.php(38): CodeIgniter\Debug\Exceptions->errorHandler()
#1 /var/www/dev.bathijs.local/app/Controllers/Admin/Admins.php(24): App\Models\Admin\AdminModel->adminsDataTable()
#2 /var/www/dev.bathijs.local/system/CodeIgniter.php(802): App\Controllers\Admin\Admins->index()
#3 /var/www/dev.bathijs.local/system/CodeIgniter.php(399): CodeIgniter\CodeIgniter->runController()
#4 /var/www/dev.bathijs.local/system/CodeIgniter.php(317): CodeIgniter\CodeIgniter->handleRequest()
#5 /var/www/dev.bathijs.local/public/index.php(37): CodeIgniter\CodeIgniter->run()
#6 {main}
CRITICAL - 2021-10-22 10:59:37 --> Undefined variable: admins
#0 /var/www/dev.bathijs.local/app/Views/admin/admins.php(17): CodeIgniter\Debug\Exceptions->errorHandler()
#1 /var/www/dev.bathijs.local/system/View/View.php(214): include('/var/www/dev.ba...')
#2 /var/www/dev.bathijs.local/system/View/View.php(217): CodeIgniter\View\View->CodeIgniter\View\{closure}()
#3 /var/www/dev.bathijs.local/system/Common.php(1092): CodeIgniter\View\View->render()
#4 /var/www/dev.bathijs.local/app/Controllers/Admin/Admins.php(28): view()
#5 /var/www/dev.bathijs.local/system/CodeIgniter.php(802): App\Controllers\Admin\Admins->index()
#6 /var/www/dev.bathijs.local/system/CodeIgniter.php(399): CodeIgniter\CodeIgniter->runController()
#7 /var/www/dev.bathijs.local/system/CodeIgniter.php(317): CodeIgniter\CodeIgniter->handleRequest()
#8 /var/www/dev.bathijs.local/public/index.php(37): CodeIgniter\CodeIgniter->run()
#9 {main}
CRITICAL - 2021-10-22 10:59:58 --> Undefined variable: project
#0 /var/www/dev.bathijs.local/app/Views/admin/admins.php(25): CodeIgniter\Debug\Exceptions->errorHandler()
#1 /var/www/dev.bathijs.local/system/View/View.php(214): include('/var/www/dev.ba...')
#2 /var/www/dev.bathijs.local/system/View/View.php(217): CodeIgniter\View\View->CodeIgniter\View\{closure}()
#3 /var/www/dev.bathijs.local/system/Common.php(1092): CodeIgniter\View\View->render()
#4 /var/www/dev.bathijs.local/app/Controllers/Admin/Admins.php(28): view()
#5 /var/www/dev.bathijs.local/system/CodeIgniter.php(802): App\Controllers\Admin\Admins->index()
#6 /var/www/dev.bathijs.local/system/CodeIgniter.php(399): CodeIgniter\CodeIgniter->runController()
#7 /var/www/dev.bathijs.local/system/CodeIgniter.php(317): CodeIgniter\CodeIgniter->handleRequest()
#8 /var/www/dev.bathijs.local/public/index.php(37): CodeIgniter\CodeIgniter->run()
#9 {main}
CRITICAL - 2021-10-22 11:00:09 --> Undefined index: id
#0 /var/www/dev.bathijs.local/app/Views/admin/admins.php(28): CodeIgniter\Debug\Exceptions->errorHandler()
#1 /var/www/dev.bathijs.local/system/View/View.php(214): include('/var/www/dev.ba...')
#2 /var/www/dev.bathijs.local/system/View/View.php(217): CodeIgniter\View\View->CodeIgniter\View\{closure}()
#3 /var/www/dev.bathijs.local/system/Common.php(1092): CodeIgniter\View\View->render()
#4 /var/www/dev.bathijs.local/app/Controllers/Admin/Admins.php(28): view()
#5 /var/www/dev.bathijs.local/system/CodeIgniter.php(802): App\Controllers\Admin\Admins->index()
#6 /var/www/dev.bathijs.local/system/CodeIgniter.php(399): CodeIgniter\CodeIgniter->runController()
#7 /var/www/dev.bathijs.local/system/CodeIgniter.php(317): CodeIgniter\CodeIgniter->handleRequest()
#8 /var/www/dev.bathijs.local/public/index.php(37): CodeIgniter\CodeIgniter->run()
#9 {main}
