CRITICAL - 2021-10-13 01:22:23 --> Undefined variable: ProjectModel
#0 /var/www/dev.bathijs.local/app/Controllers/Projects.php(10): CodeIgniter\Debug\Exceptions->errorHandler()
#1 /var/www/dev.bathijs.local/system/CodeIgniter.php(802): App\Controllers\Projects->index()
#2 /var/www/dev.bathijs.local/system/CodeIgniter.php(399): CodeIgniter\CodeIgniter->runController()
#3 /var/www/dev.bathijs.local/system/CodeIgniter.php(317): CodeIgniter\CodeIgniter->handleRequest()
#4 /var/www/dev.bathijs.local/public/index.php(37): CodeIgniter\CodeIgniter->run()
#5 {main}
CRITICAL - 2021-10-13 01:24:49 --> Class 'App\Controllers\ProjectModel' not found
#0 /var/www/dev.bathijs.local/system/CodeIgniter.php(802): App\Controllers\Projects->index()
#1 /var/www/dev.bathijs.local/system/CodeIgniter.php(399): CodeIgniter\CodeIgniter->runController()
#2 /var/www/dev.bathijs.local/system/CodeIgniter.php(317): CodeIgniter\CodeIgniter->handleRequest()
#3 /var/www/dev.bathijs.local/public/index.php(37): CodeIgniter\CodeIgniter->run()
#4 {main}
CRITICAL - 2021-10-13 01:25:18 --> Class 'App\Controllers\ProjectModel' not found
#0 /var/www/dev.bathijs.local/system/CodeIgniter.php(802): App\Controllers\Projects->index()
#1 /var/www/dev.bathijs.local/system/CodeIgniter.php(399): CodeIgniter\CodeIgniter->runController()
#2 /var/www/dev.bathijs.local/system/CodeIgniter.php(317): CodeIgniter\CodeIgniter->handleRequest()
#3 /var/www/dev.bathijs.local/public/index.php(37): CodeIgniter\CodeIgniter->run()
#4 {main}
ERROR - 2021-10-13 01:27:13 --> Error connecting to the database: Unknown database 'bathijs1'
CRITICAL - 2021-10-13 01:27:13 --> Unable to connect to the database.
Main connection [MySQLi]: Unknown database 'bathijs1'
#0 /var/www/dev.bathijs.local/system/Database/BaseConnection.php(570): CodeIgniter\Database\BaseConnection->initialize()
#1 /var/www/dev.bathijs.local/system/Database/BaseBuilder.php(1428): CodeIgniter\Database\BaseConnection->query()
#2 /var/www/dev.bathijs.local/system/Model.php(183): CodeIgniter\Database\BaseBuilder->get()
#3 /var/www/dev.bathijs.local/system/BaseModel.php(584): CodeIgniter\Model->doFindAll()
#4 /var/www/dev.bathijs.local/app/Controllers/Projects.php(13): CodeIgniter\BaseModel->findAll()
#5 /var/www/dev.bathijs.local/system/CodeIgniter.php(802): App\Controllers\Projects->index()
#6 /var/www/dev.bathijs.local/system/CodeIgniter.php(399): CodeIgniter\CodeIgniter->runController()
#7 /var/www/dev.bathijs.local/system/CodeIgniter.php(317): CodeIgniter\CodeIgniter->handleRequest()
#8 /var/www/dev.bathijs.local/public/index.php(37): CodeIgniter\CodeIgniter->run()
#9 {main}
CRITICAL - 2021-10-13 01:31:30 --> Undefined variable: projects
#0 /var/www/dev.bathijs.local/app/Views/frontOffice/projects.php(5): CodeIgniter\Debug\Exceptions->errorHandler()
#1 /var/www/dev.bathijs.local/system/View/View.php(214): include('/var/www/dev.ba...')
#2 /var/www/dev.bathijs.local/system/View/View.php(217): CodeIgniter\View\View->CodeIgniter\View\{closure}()
#3 /var/www/dev.bathijs.local/system/Common.php(1092): CodeIgniter\View\View->render()
#4 /var/www/dev.bathijs.local/app/Controllers/Projects.php(23): view()
#5 /var/www/dev.bathijs.local/system/CodeIgniter.php(802): App\Controllers\Projects->index()
#6 /var/www/dev.bathijs.local/system/CodeIgniter.php(399): CodeIgniter\CodeIgniter->runController()
#7 /var/www/dev.bathijs.local/system/CodeIgniter.php(317): CodeIgniter\CodeIgniter->handleRequest()
#8 /var/www/dev.bathijs.local/public/index.php(37): CodeIgniter\CodeIgniter->run()
#9 {main}
CRITICAL - 2021-10-13 01:31:43 --> Undefined variable: projects
#0 /var/www/dev.bathijs.local/app/Views/frontOffice/projects.php(6): CodeIgniter\Debug\Exceptions->errorHandler()
#1 /var/www/dev.bathijs.local/system/View/View.php(214): include('/var/www/dev.ba...')
#2 /var/www/dev.bathijs.local/system/View/View.php(217): CodeIgniter\View\View->CodeIgniter\View\{closure}()
#3 /var/www/dev.bathijs.local/system/Common.php(1092): CodeIgniter\View\View->render()
#4 /var/www/dev.bathijs.local/app/Controllers/Projects.php(23): view()
#5 /var/www/dev.bathijs.local/system/CodeIgniter.php(802): App\Controllers\Projects->index()
#6 /var/www/dev.bathijs.local/system/CodeIgniter.php(399): CodeIgniter\CodeIgniter->runController()
#7 /var/www/dev.bathijs.local/system/CodeIgniter.php(317): CodeIgniter\CodeIgniter->handleRequest()
#8 /var/www/dev.bathijs.local/public/index.php(37): CodeIgniter\CodeIgniter->run()
#9 {main}
CRITICAL - 2021-10-13 01:35:02 --> syntax error, unexpected '}', expecting ';' or ','
#0 /var/www/dev.bathijs.local/system/View/View.php(217): CodeIgniter\View\View->CodeIgniter\View\{closure}()
#1 /var/www/dev.bathijs.local/system/Common.php(1092): CodeIgniter\View\View->render()
#2 /var/www/dev.bathijs.local/app/Controllers/Projects.php(23): view()
#3 /var/www/dev.bathijs.local/system/CodeIgniter.php(802): App\Controllers\Projects->index()
#4 /var/www/dev.bathijs.local/system/CodeIgniter.php(399): CodeIgniter\CodeIgniter->runController()
#5 /var/www/dev.bathijs.local/system/CodeIgniter.php(317): CodeIgniter\CodeIgniter->handleRequest()
#6 /var/www/dev.bathijs.local/public/index.php(37): CodeIgniter\CodeIgniter->run()
#7 {main}
CRITICAL - 2021-10-13 01:35:51 --> Trying to get property 'title' of non-object
#0 /var/www/dev.bathijs.local/app/Views/frontOffice/projects.php(3): CodeIgniter\Debug\Exceptions->errorHandler()
#1 /var/www/dev.bathijs.local/app/Views/frontOffice/projects.php(10): show_project()
#2 /var/www/dev.bathijs.local/system/View/View.php(214): include('/var/www/dev.ba...')
#3 /var/www/dev.bathijs.local/system/View/View.php(217): CodeIgniter\View\View->CodeIgniter\View\{closure}()
#4 /var/www/dev.bathijs.local/system/Common.php(1092): CodeIgniter\View\View->render()
#5 /var/www/dev.bathijs.local/app/Controllers/Projects.php(23): view()
#6 /var/www/dev.bathijs.local/system/CodeIgniter.php(802): App\Controllers\Projects->index()
#7 /var/www/dev.bathijs.local/system/CodeIgniter.php(399): CodeIgniter\CodeIgniter->runController()
#8 /var/www/dev.bathijs.local/system/CodeIgniter.php(317): CodeIgniter\CodeIgniter->handleRequest()
#9 /var/www/dev.bathijs.local/public/index.php(37): CodeIgniter\CodeIgniter->run()
#10 {main}
CRITICAL - 2021-10-13 01:36:16 --> Trying to get property 'title' of non-object
#0 /var/www/dev.bathijs.local/app/Views/frontOffice/projects.php(3): CodeIgniter\Debug\Exceptions->errorHandler()
#1 /var/www/dev.bathijs.local/app/Views/frontOffice/projects.php(11): show_project()
#2 /var/www/dev.bathijs.local/system/View/View.php(214): include('/var/www/dev.ba...')
#3 /var/www/dev.bathijs.local/system/View/View.php(217): CodeIgniter\View\View->CodeIgniter\View\{closure}()
#4 /var/www/dev.bathijs.local/system/Common.php(1092): CodeIgniter\View\View->render()
#5 /var/www/dev.bathijs.local/app/Controllers/Projects.php(23): view()
#6 /var/www/dev.bathijs.local/system/CodeIgniter.php(802): App\Controllers\Projects->index()
#7 /var/www/dev.bathijs.local/system/CodeIgniter.php(399): CodeIgniter\CodeIgniter->runController()
#8 /var/www/dev.bathijs.local/system/CodeIgniter.php(317): CodeIgniter\CodeIgniter->handleRequest()
#9 /var/www/dev.bathijs.local/public/index.php(37): CodeIgniter\CodeIgniter->run()
#10 {main}
CRITICAL - 2021-10-13 01:37:35 --> Trying to get property 'title' of non-object
#0 /var/www/dev.bathijs.local/app/Views/frontOffice/projects.php(3): CodeIgniter\Debug\Exceptions->errorHandler()
#1 /var/www/dev.bathijs.local/app/Views/frontOffice/projects.php(18): show_project()
#2 /var/www/dev.bathijs.local/system/View/View.php(214): include('/var/www/dev.ba...')
#3 /var/www/dev.bathijs.local/system/View/View.php(217): CodeIgniter\View\View->CodeIgniter\View\{closure}()
#4 /var/www/dev.bathijs.local/system/Common.php(1092): CodeIgniter\View\View->render()
#5 /var/www/dev.bathijs.local/app/Controllers/Projects.php(23): view()
#6 /var/www/dev.bathijs.local/system/CodeIgniter.php(802): App\Controllers\Projects->index()
#7 /var/www/dev.bathijs.local/system/CodeIgniter.php(399): CodeIgniter\CodeIgniter->runController()
#8 /var/www/dev.bathijs.local/system/CodeIgniter.php(317): CodeIgniter\CodeIgniter->handleRequest()
#9 /var/www/dev.bathijs.local/public/index.php(37): CodeIgniter\CodeIgniter->run()
#10 {main}
CRITICAL - 2021-10-13 01:37:58 --> Trying to get property 'title' of non-object
#0 /var/www/dev.bathijs.local/app/Views/frontOffice/projects.php(3): CodeIgniter\Debug\Exceptions->errorHandler()
#1 /var/www/dev.bathijs.local/app/Views/frontOffice/projects.php(18): show_project()
#2 /var/www/dev.bathijs.local/system/View/View.php(214): include('/var/www/dev.ba...')
#3 /var/www/dev.bathijs.local/system/View/View.php(217): CodeIgniter\View\View->CodeIgniter\View\{closure}()
#4 /var/www/dev.bathijs.local/system/Common.php(1092): CodeIgniter\View\View->render()
#5 /var/www/dev.bathijs.local/app/Controllers/Projects.php(23): view()
#6 /var/www/dev.bathijs.local/system/CodeIgniter.php(802): App\Controllers\Projects->index()
#7 /var/www/dev.bathijs.local/system/CodeIgniter.php(399): CodeIgniter\CodeIgniter->runController()
#8 /var/www/dev.bathijs.local/system/CodeIgniter.php(317): CodeIgniter\CodeIgniter->handleRequest()
#9 /var/www/dev.bathijs.local/public/index.php(37): CodeIgniter\CodeIgniter->run()
#10 {main}
CRITICAL - 2021-10-13 01:37:59 --> Trying to get property 'title' of non-object
#0 /var/www/dev.bathijs.local/app/Views/frontOffice/projects.php(3): CodeIgniter\Debug\Exceptions->errorHandler()
#1 /var/www/dev.bathijs.local/app/Views/frontOffice/projects.php(18): show_project()
#2 /var/www/dev.bathijs.local/system/View/View.php(214): include('/var/www/dev.ba...')
#3 /var/www/dev.bathijs.local/system/View/View.php(217): CodeIgniter\View\View->CodeIgniter\View\{closure}()
#4 /var/www/dev.bathijs.local/system/Common.php(1092): CodeIgniter\View\View->render()
#5 /var/www/dev.bathijs.local/app/Controllers/Projects.php(23): view()
#6 /var/www/dev.bathijs.local/system/CodeIgniter.php(802): App\Controllers\Projects->index()
#7 /var/www/dev.bathijs.local/system/CodeIgniter.php(399): CodeIgniter\CodeIgniter->runController()
#8 /var/www/dev.bathijs.local/system/CodeIgniter.php(317): CodeIgniter\CodeIgniter->handleRequest()
#9 /var/www/dev.bathijs.local/public/index.php(37): CodeIgniter\CodeIgniter->run()
#10 {main}
CRITICAL - 2021-10-13 01:38:26 --> Array to string conversion
#0 /var/www/dev.bathijs.local/app/Views/frontOffice/projects.php(18): CodeIgniter\Debug\Exceptions->errorHandler()
#1 /var/www/dev.bathijs.local/system/View/View.php(214): include('/var/www/dev.ba...')
#2 /var/www/dev.bathijs.local/system/View/View.php(217): CodeIgniter\View\View->CodeIgniter\View\{closure}()
#3 /var/www/dev.bathijs.local/system/Common.php(1092): CodeIgniter\View\View->render()
#4 /var/www/dev.bathijs.local/app/Controllers/Projects.php(23): view()
#5 /var/www/dev.bathijs.local/system/CodeIgniter.php(802): App\Controllers\Projects->index()
#6 /var/www/dev.bathijs.local/system/CodeIgniter.php(399): CodeIgniter\CodeIgniter->runController()
#7 /var/www/dev.bathijs.local/system/CodeIgniter.php(317): CodeIgniter\CodeIgniter->handleRequest()
#8 /var/www/dev.bathijs.local/public/index.php(37): CodeIgniter\CodeIgniter->run()
#9 {main}
CRITICAL - 2021-10-13 01:40:51 --> syntax error, unexpected '}', expecting ';' or ','
#0 /var/www/dev.bathijs.local/system/View/View.php(217): CodeIgniter\View\View->CodeIgniter\View\{closure}()
#1 /var/www/dev.bathijs.local/system/Common.php(1092): CodeIgniter\View\View->render()
#2 /var/www/dev.bathijs.local/app/Controllers/Projects.php(23): view()
#3 /var/www/dev.bathijs.local/system/CodeIgniter.php(802): App\Controllers\Projects->index()
#4 /var/www/dev.bathijs.local/system/CodeIgniter.php(399): CodeIgniter\CodeIgniter->runController()
#5 /var/www/dev.bathijs.local/system/CodeIgniter.php(317): CodeIgniter\CodeIgniter->handleRequest()
#6 /var/www/dev.bathijs.local/public/index.php(37): CodeIgniter\CodeIgniter->run()
#7 {main}
CRITICAL - 2021-10-13 01:40:56 --> Undefined variable: HTMl
#0 /var/www/dev.bathijs.local/app/Views/frontOffice/projects.php(7): CodeIgniter\Debug\Exceptions->errorHandler()
#1 /var/www/dev.bathijs.local/app/Views/frontOffice/projects.php(22): show_project()
#2 /var/www/dev.bathijs.local/system/View/View.php(214): include('/var/www/dev.ba...')
#3 /var/www/dev.bathijs.local/system/View/View.php(217): CodeIgniter\View\View->CodeIgniter\View\{closure}()
#4 /var/www/dev.bathijs.local/system/Common.php(1092): CodeIgniter\View\View->render()
#5 /var/www/dev.bathijs.local/app/Controllers/Projects.php(23): view()
#6 /var/www/dev.bathijs.local/system/CodeIgniter.php(802): App\Controllers\Projects->index()
#7 /var/www/dev.bathijs.local/system/CodeIgniter.php(399): CodeIgniter\CodeIgniter->runController()
#8 /var/www/dev.bathijs.local/system/CodeIgniter.php(317): CodeIgniter\CodeIgniter->handleRequest()
#9 /var/www/dev.bathijs.local/public/index.php(37): CodeIgniter\CodeIgniter->run()
#10 {main}
CRITICAL - 2021-10-13 01:46:18 --> syntax error, unexpected ''</a>'' (T_CONSTANT_ENCAPSED_STRING)
#0 /var/www/dev.bathijs.local/system/View/View.php(217): CodeIgniter\View\View->CodeIgniter\View\{closure}()
#1 /var/www/dev.bathijs.local/system/Common.php(1092): CodeIgniter\View\View->render()
#2 /var/www/dev.bathijs.local/app/Controllers/Projects.php(23): view()
#3 /var/www/dev.bathijs.local/system/CodeIgniter.php(802): App\Controllers\Projects->index()
#4 /var/www/dev.bathijs.local/system/CodeIgniter.php(399): CodeIgniter\CodeIgniter->runController()
#5 /var/www/dev.bathijs.local/system/CodeIgniter.php(317): CodeIgniter\CodeIgniter->handleRequest()
#6 /var/www/dev.bathijs.local/public/index.php(37): CodeIgniter\CodeIgniter->run()
#7 {main}
CRITICAL - 2021-10-13 01:49:28 --> Call to undefined function App\Controllers\find()
#0 /var/www/dev.bathijs.local/system/CodeIgniter.php(802): App\Controllers\Projects->view_project()
#1 /var/www/dev.bathijs.local/system/CodeIgniter.php(399): CodeIgniter\CodeIgniter->runController()
#2 /var/www/dev.bathijs.local/system/CodeIgniter.php(317): CodeIgniter\CodeIgniter->handleRequest()
#3 /var/www/dev.bathijs.local/public/index.php(37): CodeIgniter\CodeIgniter->run()
#4 {main}
CRITICAL - 2021-10-13 02:00:53 --> Call to undefined function App\Controllers\show_404()
#0 /var/www/dev.bathijs.local/system/CodeIgniter.php(802): App\Controllers\Projects->view_project()
#1 /var/www/dev.bathijs.local/system/CodeIgniter.php(399): CodeIgniter\CodeIgniter->runController()
#2 /var/www/dev.bathijs.local/system/CodeIgniter.php(317): CodeIgniter\CodeIgniter->handleRequest()
#3 /var/www/dev.bathijs.local/public/index.php(37): CodeIgniter\CodeIgniter->run()
#4 {main}
CRITICAL - 2021-10-13 02:04:22 --> Array to string conversion
#0 /var/www/dev.bathijs.local/app/Views/frontOffice/project_view.php(2): CodeIgniter\Debug\Exceptions->errorHandler()
#1 /var/www/dev.bathijs.local/system/View/View.php(214): include('/var/www/dev.ba...')
#2 /var/www/dev.bathijs.local/system/View/View.php(217): CodeIgniter\View\View->CodeIgniter\View\{closure}()
#3 /var/www/dev.bathijs.local/system/Common.php(1092): CodeIgniter\View\View->render()
#4 /var/www/dev.bathijs.local/app/Controllers/Projects.php(59): view()
#5 /var/www/dev.bathijs.local/system/CodeIgniter.php(802): App\Controllers\Projects->view_project()
#6 /var/www/dev.bathijs.local/system/CodeIgniter.php(399): CodeIgniter\CodeIgniter->runController()
#7 /var/www/dev.bathijs.local/system/CodeIgniter.php(317): CodeIgniter\CodeIgniter->handleRequest()
#8 /var/www/dev.bathijs.local/public/index.php(37): CodeIgniter\CodeIgniter->run()
#9 {main}
CRITICAL - 2021-10-13 02:04:32 --> Array to string conversion
#0 /var/www/dev.bathijs.local/app/Views/frontOffice/project_view.php(2): CodeIgniter\Debug\Exceptions->errorHandler()
#1 /var/www/dev.bathijs.local/system/View/View.php(214): include('/var/www/dev.ba...')
#2 /var/www/dev.bathijs.local/system/View/View.php(217): CodeIgniter\View\View->CodeIgniter\View\{closure}()
#3 /var/www/dev.bathijs.local/system/Common.php(1092): CodeIgniter\View\View->render()
#4 /var/www/dev.bathijs.local/app/Controllers/Projects.php(57): view()
#5 /var/www/dev.bathijs.local/system/CodeIgniter.php(802): App\Controllers\Projects->view_project()
#6 /var/www/dev.bathijs.local/system/CodeIgniter.php(399): CodeIgniter\CodeIgniter->runController()
#7 /var/www/dev.bathijs.local/system/CodeIgniter.php(317): CodeIgniter\CodeIgniter->handleRequest()
#8 /var/www/dev.bathijs.local/public/index.php(37): CodeIgniter\CodeIgniter->run()
#9 {main}
CRITICAL - 2021-10-13 02:05:23 --> syntax error, unexpected '' (T_ENCAPSED_AND_WHITESPACE), expecting '-' or identifier (T_STRING) or variable (T_VARIABLE) or number (T_NUM_STRING)
#0 /var/www/dev.bathijs.local/system/View/View.php(217): CodeIgniter\View\View->CodeIgniter\View\{closure}()
#1 /var/www/dev.bathijs.local/system/Common.php(1092): CodeIgniter\View\View->render()
#2 /var/www/dev.bathijs.local/app/Controllers/Projects.php(57): view()
#3 /var/www/dev.bathijs.local/system/CodeIgniter.php(802): App\Controllers\Projects->view_project()
#4 /var/www/dev.bathijs.local/system/CodeIgniter.php(399): CodeIgniter\CodeIgniter->runController()
#5 /var/www/dev.bathijs.local/system/CodeIgniter.php(317): CodeIgniter\CodeIgniter->handleRequest()
#6 /var/www/dev.bathijs.local/public/index.php(37): CodeIgniter\CodeIgniter->run()
#7 {main}
ERROR - 2021-10-13 02:19:48 --> Unknown column 'name_id' in 'where clause'
CRITICAL - 2021-10-13 02:19:48 --> Unknown column 'name_id' in 'where clause'
#0 /var/www/dev.bathijs.local/system/Database/MySQLi/Connection.php(280): mysqli->query()
#1 /var/www/dev.bathijs.local/system/Database/BaseConnection.php(663): CodeIgniter\Database\MySQLi\Connection->execute()
#2 /var/www/dev.bathijs.local/system/Database/BaseConnection.php(591): CodeIgniter\Database\BaseConnection->simpleQuery()
#3 /var/www/dev.bathijs.local/system/Database/BaseBuilder.php(1428): CodeIgniter\Database\BaseConnection->query()
#4 /var/www/dev.bathijs.local/system/Model.php(210): CodeIgniter\Database\BaseBuilder->get()
#5 /var/www/dev.bathijs.local/system/BaseModel.php(622): CodeIgniter\Model->doFirst()
#6 /var/www/dev.bathijs.local/app/Controllers/Projects.php(32): CodeIgniter\BaseModel->first()
#7 /var/www/dev.bathijs.local/system/CodeIgniter.php(802): App\Controllers\Projects->categorie()
#8 /var/www/dev.bathijs.local/system/CodeIgniter.php(399): CodeIgniter\CodeIgniter->runController()
#9 /var/www/dev.bathijs.local/system/CodeIgniter.php(317): CodeIgniter\CodeIgniter->handleRequest()
#10 /var/www/dev.bathijs.local/public/index.php(37): CodeIgniter\CodeIgniter->run()
#11 {main}
CRITICAL - 2021-10-13 02:20:23 --> Undefined variable: project
#0 /var/www/dev.bathijs.local/app/Controllers/Projects.php(34): CodeIgniter\Debug\Exceptions->errorHandler()
#1 /var/www/dev.bathijs.local/system/CodeIgniter.php(802): App\Controllers\Projects->categorie()
#2 /var/www/dev.bathijs.local/system/CodeIgniter.php(399): CodeIgniter\CodeIgniter->runController()
#3 /var/www/dev.bathijs.local/system/CodeIgniter.php(317): CodeIgniter\CodeIgniter->handleRequest()
#4 /var/www/dev.bathijs.local/public/index.php(37): CodeIgniter\CodeIgniter->run()
#5 {main}
CRITICAL - 2021-10-13 02:25:27 --> Array to string conversion
#0 /var/www/dev.bathijs.local/app/Views/frontOffice/project_categorie.php(2): CodeIgniter\Debug\Exceptions->errorHandler()
#1 /var/www/dev.bathijs.local/system/View/View.php(214): include('/var/www/dev.ba...')
#2 /var/www/dev.bathijs.local/system/View/View.php(217): CodeIgniter\View\View->CodeIgniter\View\{closure}()
#3 /var/www/dev.bathijs.local/system/Common.php(1092): CodeIgniter\View\View->render()
#4 /var/www/dev.bathijs.local/app/Controllers/Projects.php(45): view()
#5 /var/www/dev.bathijs.local/system/CodeIgniter.php(802): App\Controllers\Projects->categorie()
#6 /var/www/dev.bathijs.local/system/CodeIgniter.php(399): CodeIgniter\CodeIgniter->runController()
#7 /var/www/dev.bathijs.local/system/CodeIgniter.php(317): CodeIgniter\CodeIgniter->handleRequest()
#8 /var/www/dev.bathijs.local/public/index.php(37): CodeIgniter\CodeIgniter->run()
#9 {main}
CRITICAL - 2021-10-13 02:28:22 --> Array to string conversion
#0 /var/www/dev.bathijs.local/app/Views/frontOffice/project_categorie.php(2): CodeIgniter\Debug\Exceptions->errorHandler()
#1 /var/www/dev.bathijs.local/system/View/View.php(214): include('/var/www/dev.ba...')
#2 /var/www/dev.bathijs.local/system/View/View.php(217): CodeIgniter\View\View->CodeIgniter\View\{closure}()
#3 /var/www/dev.bathijs.local/system/Common.php(1092): CodeIgniter\View\View->render()
#4 /var/www/dev.bathijs.local/app/Controllers/Projects.php(50): view()
#5 /var/www/dev.bathijs.local/system/CodeIgniter.php(802): App\Controllers\Projects->categorie()
#6 /var/www/dev.bathijs.local/system/CodeIgniter.php(399): CodeIgniter\CodeIgniter->runController()
#7 /var/www/dev.bathijs.local/system/CodeIgniter.php(317): CodeIgniter\CodeIgniter->handleRequest()
#8 /var/www/dev.bathijs.local/public/index.php(37): CodeIgniter\CodeIgniter->run()
#9 {main}
CRITICAL - 2021-10-13 02:30:53 --> Undefined index: name_id
#0 /var/www/dev.bathijs.local/app/Views/frontOffice/project_categorie.php(6): CodeIgniter\Debug\Exceptions->errorHandler()
#1 /var/www/dev.bathijs.local/app/Views/frontOffice/project_categorie.php(21): show_project()
#2 /var/www/dev.bathijs.local/system/View/View.php(214): include('/var/www/dev.ba...')
#3 /var/www/dev.bathijs.local/system/View/View.php(217): CodeIgniter\View\View->CodeIgniter\View\{closure}()
#4 /var/www/dev.bathijs.local/system/Common.php(1092): CodeIgniter\View\View->render()
#5 /var/www/dev.bathijs.local/app/Controllers/Projects.php(50): view()
#6 /var/www/dev.bathijs.local/system/CodeIgniter.php(802): App\Controllers\Projects->categorie()
#7 /var/www/dev.bathijs.local/system/CodeIgniter.php(399): CodeIgniter\CodeIgniter->runController()
#8 /var/www/dev.bathijs.local/system/CodeIgniter.php(317): CodeIgniter\CodeIgniter->handleRequest()
#9 /var/www/dev.bathijs.local/public/index.php(37): CodeIgniter\CodeIgniter->run()
#10 {main}
CRITICAL - 2021-10-13 02:31:06 --> Undefined index: name_id
#0 /var/www/dev.bathijs.local/app/Views/frontOffice/projects.php(6): CodeIgniter\Debug\Exceptions->errorHandler()
#1 /var/www/dev.bathijs.local/app/Views/frontOffice/projects.php(22): show_project()
#2 /var/www/dev.bathijs.local/system/View/View.php(214): include('/var/www/dev.ba...')
#3 /var/www/dev.bathijs.local/system/View/View.php(217): CodeIgniter\View\View->CodeIgniter\View\{closure}()
#4 /var/www/dev.bathijs.local/system/Common.php(1092): CodeIgniter\View\View->render()
#5 /var/www/dev.bathijs.local/app/Controllers/Projects.php(24): view()
#6 /var/www/dev.bathijs.local/system/CodeIgniter.php(802): App\Controllers\Projects->index()
#7 /var/www/dev.bathijs.local/system/CodeIgniter.php(399): CodeIgniter\CodeIgniter->runController()
#8 /var/www/dev.bathijs.local/system/CodeIgniter.php(317): CodeIgniter\CodeIgniter->handleRequest()
#9 /var/www/dev.bathijs.local/public/index.php(37): CodeIgniter\CodeIgniter->run()
#10 {main}
