CRITICAL - 2021-10-18 06:27:04 --> Call to undefined function display_error()
#0 /var/www/dev.bathijs.local/system/View/View.php(214): include()
#1 /var/www/dev.bathijs.local/system/View/View.php(217): CodeIgniter\View\View->CodeIgniter\View\{closure}()
#2 /var/www/dev.bathijs.local/system/Common.php(1092): CodeIgniter\View\View->render()
#3 /var/www/dev.bathijs.local/app/Controllers/Admin/Authentication.php(48): view()
#4 /var/www/dev.bathijs.local/system/CodeIgniter.php(802): App\Controllers\Admin\Authentication->login_validation()
#5 /var/www/dev.bathijs.local/system/CodeIgniter.php(399): CodeIgniter\CodeIgniter->runController()
#6 /var/www/dev.bathijs.local/system/CodeIgniter.php(317): CodeIgniter\CodeIgniter->handleRequest()
#7 /var/www/dev.bathijs.local/public/index.php(37): CodeIgniter\CodeIgniter->run()
#8 {main}
CRITICAL - 2021-10-18 06:29:48 --> Call to undefined function display_error()
#0 /var/www/dev.bathijs.local/system/View/View.php(214): include()
#1 /var/www/dev.bathijs.local/system/View/View.php(217): CodeIgniter\View\View->CodeIgniter\View\{closure}()
#2 /var/www/dev.bathijs.local/system/Common.php(1092): CodeIgniter\View\View->render()
#3 /var/www/dev.bathijs.local/app/Controllers/Admin/Authentication.php(48): view()
#4 /var/www/dev.bathijs.local/system/CodeIgniter.php(802): App\Controllers\Admin\Authentication->login_validation()
#5 /var/www/dev.bathijs.local/system/CodeIgniter.php(399): CodeIgniter\CodeIgniter->runController()
#6 /var/www/dev.bathijs.local/system/CodeIgniter.php(317): CodeIgniter\CodeIgniter->handleRequest()
#7 /var/www/dev.bathijs.local/public/index.php(37): CodeIgniter\CodeIgniter->run()
#8 {main}
CRITICAL - 2021-10-18 06:34:13 --> Call to undefined function display_error()
#0 /var/www/dev.bathijs.local/system/View/View.php(214): include()
#1 /var/www/dev.bathijs.local/system/View/View.php(217): CodeIgniter\View\View->CodeIgniter\View\{closure}()
#2 /var/www/dev.bathijs.local/system/Common.php(1092): CodeIgniter\View\View->render()
#3 /var/www/dev.bathijs.local/app/Controllers/Admin/Authentication.php(52): view()
#4 /var/www/dev.bathijs.local/system/CodeIgniter.php(802): App\Controllers\Admin\Authentication->login_validation()
#5 /var/www/dev.bathijs.local/system/CodeIgniter.php(399): CodeIgniter\CodeIgniter->runController()
#6 /var/www/dev.bathijs.local/system/CodeIgniter.php(317): CodeIgniter\CodeIgniter->handleRequest()
#7 /var/www/dev.bathijs.local/public/index.php(37): CodeIgniter\CodeIgniter->run()
#8 {main}
CRITICAL - 2021-10-18 06:34:31 --> Call to undefined function display_error()
#0 /var/www/dev.bathijs.local/system/View/View.php(214): include()
#1 /var/www/dev.bathijs.local/system/View/View.php(217): CodeIgniter\View\View->CodeIgniter\View\{closure}()
#2 /var/www/dev.bathijs.local/system/Common.php(1092): CodeIgniter\View\View->render()
#3 /var/www/dev.bathijs.local/app/Controllers/Admin/Authentication.php(52): view()
#4 /var/www/dev.bathijs.local/system/CodeIgniter.php(802): App\Controllers\Admin\Authentication->login_validation()
#5 /var/www/dev.bathijs.local/system/CodeIgniter.php(399): CodeIgniter\CodeIgniter->runController()
#6 /var/www/dev.bathijs.local/system/CodeIgniter.php(317): CodeIgniter\CodeIgniter->handleRequest()
#7 /var/www/dev.bathijs.local/public/index.php(37): CodeIgniter\CodeIgniter->run()
#8 {main}
CRITICAL - 2021-10-18 06:34:50 --> Call to undefined function display_error()
#0 /var/www/dev.bathijs.local/system/View/View.php(214): include()
#1 /var/www/dev.bathijs.local/system/View/View.php(217): CodeIgniter\View\View->CodeIgniter\View\{closure}()
#2 /var/www/dev.bathijs.local/system/Common.php(1092): CodeIgniter\View\View->render()
#3 /var/www/dev.bathijs.local/app/Controllers/Admin/Authentication.php(52): view()
#4 /var/www/dev.bathijs.local/system/CodeIgniter.php(802): App\Controllers\Admin\Authentication->login_validation()
#5 /var/www/dev.bathijs.local/system/CodeIgniter.php(399): CodeIgniter\CodeIgniter->runController()
#6 /var/www/dev.bathijs.local/system/CodeIgniter.php(317): CodeIgniter\CodeIgniter->handleRequest()
#7 /var/www/dev.bathijs.local/public/index.php(37): CodeIgniter\CodeIgniter->run()
#8 {main}
CRITICAL - 2021-10-18 06:36:21 --> Call to undefined function display_error()
#0 /var/www/dev.bathijs.local/system/View/View.php(214): include()
#1 /var/www/dev.bathijs.local/system/View/View.php(217): CodeIgniter\View\View->CodeIgniter\View\{closure}()
#2 /var/www/dev.bathijs.local/system/Common.php(1092): CodeIgniter\View\View->render()
#3 /var/www/dev.bathijs.local/app/Controllers/Admin/Authentication.php(52): view()
#4 /var/www/dev.bathijs.local/system/CodeIgniter.php(802): App\Controllers\Admin\Authentication->login_validation()
#5 /var/www/dev.bathijs.local/system/CodeIgniter.php(399): CodeIgniter\CodeIgniter->runController()
#6 /var/www/dev.bathijs.local/system/CodeIgniter.php(317): CodeIgniter\CodeIgniter->handleRequest()
#7 /var/www/dev.bathijs.local/public/index.php(37): CodeIgniter\CodeIgniter->run()
#8 {main}
CRITICAL - 2021-10-18 07:02:38 --> Call to undefined function display_error()
#0 /var/www/dev.bathijs.local/system/View/View.php(214): include()
#1 /var/www/dev.bathijs.local/system/View/View.php(217): CodeIgniter\View\View->CodeIgniter\View\{closure}()
#2 /var/www/dev.bathijs.local/system/Common.php(1092): CodeIgniter\View\View->render()
#3 /var/www/dev.bathijs.local/app/Controllers/Admin/Authentication.php(52): view()
#4 /var/www/dev.bathijs.local/system/CodeIgniter.php(802): App\Controllers\Admin\Authentication->login_validation()
#5 /var/www/dev.bathijs.local/system/CodeIgniter.php(399): CodeIgniter\CodeIgniter->runController()
#6 /var/www/dev.bathijs.local/system/CodeIgniter.php(317): CodeIgniter\CodeIgniter->handleRequest()
#7 /var/www/dev.bathijs.local/public/index.php(37): CodeIgniter\CodeIgniter->run()
#8 {main}
CRITICAL - 2021-10-18 07:08:55 --> Call to undefined function set_value()
#0 /var/www/dev.bathijs.local/system/View/View.php(214): include()
#1 /var/www/dev.bathijs.local/system/View/View.php(217): CodeIgniter\View\View->CodeIgniter\View\{closure}()
#2 /var/www/dev.bathijs.local/system/Common.php(1092): CodeIgniter\View\View->render()
#3 /var/www/dev.bathijs.local/app/Controllers/Admin/Authentication.php(52): view()
#4 /var/www/dev.bathijs.local/system/CodeIgniter.php(802): App\Controllers\Admin\Authentication->login_validation()
#5 /var/www/dev.bathijs.local/system/CodeIgniter.php(399): CodeIgniter\CodeIgniter->runController()
#6 /var/www/dev.bathijs.local/system/CodeIgniter.php(317): CodeIgniter\CodeIgniter->handleRequest()
#7 /var/www/dev.bathijs.local/public/index.php(37): CodeIgniter\CodeIgniter->run()
#8 {main}
CRITICAL - 2021-10-18 07:26:52 --> Call to undefined function set_value()
#0 /var/www/dev.bathijs.local/system/View/View.php(214): include()
#1 /var/www/dev.bathijs.local/system/View/View.php(217): CodeIgniter\View\View->CodeIgniter\View\{closure}()
#2 /var/www/dev.bathijs.local/system/Common.php(1092): CodeIgniter\View\View->render()
#3 /var/www/dev.bathijs.local/app/Controllers/Admin/Authentication.php(51): view()
#4 /var/www/dev.bathijs.local/system/CodeIgniter.php(802): App\Controllers\Admin\Authentication->login_validation()
#5 /var/www/dev.bathijs.local/system/CodeIgniter.php(399): CodeIgniter\CodeIgniter->runController()
#6 /var/www/dev.bathijs.local/system/CodeIgniter.php(317): CodeIgniter\CodeIgniter->handleRequest()
#7 /var/www/dev.bathijs.local/public/index.php(37): CodeIgniter\CodeIgniter->run()
#8 {main}
CRITICAL - 2021-10-18 07:34:23 --> syntax error, unexpected '}'
#0 /var/www/dev.bathijs.local/system/Router/Router.php(160): CodeIgniter\Router\Router->autoRoute()
#1 /var/www/dev.bathijs.local/system/CodeIgniter.php(702): CodeIgniter\Router\Router->handle()
#2 /var/www/dev.bathijs.local/system/CodeIgniter.php(358): CodeIgniter\CodeIgniter->tryToRouteIt()
#3 /var/www/dev.bathijs.local/system/CodeIgniter.php(317): CodeIgniter\CodeIgniter->handleRequest()
#4 /var/www/dev.bathijs.local/public/index.php(37): CodeIgniter\CodeIgniter->run()
#5 {main}
