CRITICAL - 2021-10-12 03:47:55 --> Too few arguments to function App\Controllers\Projects::view_project(), 0 passed in /var/www/dev.bathijs.local/system/CodeIgniter.php on line 802 and at least 1 expected
#0 /var/www/dev.bathijs.local/system/CodeIgniter.php(802): App\Controllers\Projects->view_project()
#1 /var/www/dev.bathijs.local/system/CodeIgniter.php(399): CodeIgniter\CodeIgniter->runController()
#2 /var/www/dev.bathijs.local/system/CodeIgniter.php(317): CodeIgniter\CodeIgniter->handleRequest()
#3 /var/www/dev.bathijs.local/public/index.php(37): CodeIgniter\CodeIgniter->run()
#4 {main}
CRITICAL - 2021-10-12 05:33:38 --> Class 'App\Controllers\Admin\BaseController' not found
#0 /var/www/dev.bathijs.local/system/Router/Router.php(491): include_once()
#1 /var/www/dev.bathijs.local/system/Router/Router.php(160): CodeIgniter\Router\Router->autoRoute()
#2 /var/www/dev.bathijs.local/system/CodeIgniter.php(702): CodeIgniter\Router\Router->handle()
#3 /var/www/dev.bathijs.local/system/CodeIgniter.php(358): CodeIgniter\CodeIgniter->tryToRouteIt()
#4 /var/www/dev.bathijs.local/system/CodeIgniter.php(317): CodeIgniter\CodeIgniter->handleRequest()
#5 /var/www/dev.bathijs.local/public/index.php(37): CodeIgniter\CodeIgniter->run()
#6 {main}
CRITICAL - 2021-10-12 06:22:36 --> syntax error, unexpected 'if' (T_IF)
#0 /var/www/dev.bathijs.local/system/CodeIgniter.php(358): CodeIgniter\CodeIgniter->tryToRouteIt()
#1 /var/www/dev.bathijs.local/system/CodeIgniter.php(317): CodeIgniter\CodeIgniter->handleRequest()
#2 /var/www/dev.bathijs.local/public/index.php(37): CodeIgniter\CodeIgniter->run()
#3 {main}
CRITICAL - 2021-10-12 06:22:53 --> syntax error, unexpected 'if' (T_IF)
#0 /var/www/dev.bathijs.local/system/CodeIgniter.php(358): CodeIgniter\CodeIgniter->tryToRouteIt()
#1 /var/www/dev.bathijs.local/system/CodeIgniter.php(317): CodeIgniter\CodeIgniter->handleRequest()
#2 /var/www/dev.bathijs.local/public/index.php(37): CodeIgniter\CodeIgniter->run()
#3 {main}
CRITICAL - 2021-10-12 06:23:15 --> syntax error, unexpected 'if' (T_IF)
#0 /var/www/dev.bathijs.local/system/CodeIgniter.php(358): CodeIgniter\CodeIgniter->tryToRouteIt()
#1 /var/www/dev.bathijs.local/system/CodeIgniter.php(317): CodeIgniter\CodeIgniter->handleRequest()
#2 /var/www/dev.bathijs.local/public/index.php(37): CodeIgniter\CodeIgniter->run()
#3 {main}
CRITICAL - 2021-10-12 06:23:16 --> syntax error, unexpected 'if' (T_IF)
#0 /var/www/dev.bathijs.local/system/CodeIgniter.php(358): CodeIgniter\CodeIgniter->tryToRouteIt()
#1 /var/www/dev.bathijs.local/system/CodeIgniter.php(317): CodeIgniter\CodeIgniter->handleRequest()
#2 /var/www/dev.bathijs.local/public/index.php(37): CodeIgniter\CodeIgniter->run()
#3 {main}
