CRITICAL - 2021-10-19 03:47:06 --> Undefined property: App\Controllers\Admin\Authentication::$require
#0 /var/www/dev.bathijs.local/app/Controllers/Admin/Authentication.php(43): CodeIgniter\Debug\Exceptions->errorHandler()
#1 /var/www/dev.bathijs.local/system/CodeIgniter.php(802): App\Controllers\Admin\Authentication->login_validation()
#2 /var/www/dev.bathijs.local/system/CodeIgniter.php(399): CodeIgniter\CodeIgniter->runController()
#3 /var/www/dev.bathijs.local/system/CodeIgniter.php(317): CodeIgniter\CodeIgniter->handleRequest()
#4 /var/www/dev.bathijs.local/public/index.php(37): CodeIgniter\CodeIgniter->run()
#5 {main}
CRITICAL - 2021-10-19 03:47:53 --> Undefined property: App\Controllers\Admin\Authentication::$input
#0 /var/www/dev.bathijs.local/app/Controllers/Admin/Authentication.php(43): CodeIgniter\Debug\Exceptions->errorHandler()
#1 /var/www/dev.bathijs.local/system/CodeIgniter.php(802): App\Controllers\Admin\Authentication->login_validation()
#2 /var/www/dev.bathijs.local/system/CodeIgniter.php(399): CodeIgniter\CodeIgniter->runController()
#3 /var/www/dev.bathijs.local/system/CodeIgniter.php(317): CodeIgniter\CodeIgniter->handleRequest()
#4 /var/www/dev.bathijs.local/public/index.php(37): CodeIgniter\CodeIgniter->run()
#5 {main}
CRITICAL - 2021-10-19 04:02:31 --> syntax error, unexpected '}', expecting ';' or ','
#0 /var/www/dev.bathijs.local/system/Router/Router.php(160): CodeIgniter\Router\Router->autoRoute()
#1 /var/www/dev.bathijs.local/system/CodeIgniter.php(702): CodeIgniter\Router\Router->handle()
#2 /var/www/dev.bathijs.local/system/CodeIgniter.php(358): CodeIgniter\CodeIgniter->tryToRouteIt()
#3 /var/www/dev.bathijs.local/system/CodeIgniter.php(317): CodeIgniter\CodeIgniter->handleRequest()
#4 /var/www/dev.bathijs.local/public/index.php(37): CodeIgniter\CodeIgniter->run()
#5 {main}
CRITICAL - 2021-10-19 04:08:55 --> syntax error, unexpected 'if' (T_IF), expecting ';' or ','
#0 /var/www/dev.bathijs.local/system/Router/Router.php(160): CodeIgniter\Router\Router->autoRoute()
#1 /var/www/dev.bathijs.local/system/CodeIgniter.php(702): CodeIgniter\Router\Router->handle()
#2 /var/www/dev.bathijs.local/system/CodeIgniter.php(358): CodeIgniter\CodeIgniter->tryToRouteIt()
#3 /var/www/dev.bathijs.local/system/CodeIgniter.php(317): CodeIgniter\CodeIgniter->handleRequest()
#4 /var/www/dev.bathijs.local/public/index.php(37): CodeIgniter\CodeIgniter->run()
#5 {main}
CRITICAL - 2021-10-19 04:14:49 --> syntax error, unexpected '}', expecting ';' or ','
#0 /var/www/dev.bathijs.local/system/Router/Router.php(160): CodeIgniter\Router\Router->autoRoute()
#1 /var/www/dev.bathijs.local/system/CodeIgniter.php(702): CodeIgniter\Router\Router->handle()
#2 /var/www/dev.bathijs.local/system/CodeIgniter.php(358): CodeIgniter\CodeIgniter->tryToRouteIt()
#3 /var/www/dev.bathijs.local/system/CodeIgniter.php(317): CodeIgniter\CodeIgniter->handleRequest()
#4 /var/www/dev.bathijs.local/public/index.php(37): CodeIgniter\CodeIgniter->run()
#5 {main}
CRITICAL - 2021-10-19 04:24:56 --> password_hash() expects at least 2 parameters, 1 given
#0 [internal function]: CodeIgniter\Debug\Exceptions->errorHandler()
#1 /var/www/dev.bathijs.local/app/Controllers/Admin/Authentication.php(58): password_hash()
#2 /var/www/dev.bathijs.local/system/CodeIgniter.php(802): App\Controllers\Admin\Authentication->login_validation()
#3 /var/www/dev.bathijs.local/system/CodeIgniter.php(399): CodeIgniter\CodeIgniter->runController()
#4 /var/www/dev.bathijs.local/system/CodeIgniter.php(317): CodeIgniter\CodeIgniter->handleRequest()
#5 /var/www/dev.bathijs.local/public/index.php(37): CodeIgniter\CodeIgniter->run()
#6 {main}
CRITICAL - 2021-10-19 04:55:18 --> syntax error, unexpected '}', expecting end of file
#0 /var/www/dev.bathijs.local/system/View/View.php(217): CodeIgniter\View\View->CodeIgniter\View\{closure}()
#1 /var/www/dev.bathijs.local/system/Common.php(1092): CodeIgniter\View\View->render()
#2 /var/www/dev.bathijs.local/app/Controllers/Admin/Authentication.php(67): view()
#3 /var/www/dev.bathijs.local/system/CodeIgniter.php(802): App\Controllers\Admin\Authentication->login_validation()
#4 /var/www/dev.bathijs.local/system/CodeIgniter.php(399): CodeIgniter\CodeIgniter->runController()
#5 /var/www/dev.bathijs.local/system/CodeIgniter.php(317): CodeIgniter\CodeIgniter->handleRequest()
#6 /var/www/dev.bathijs.local/public/index.php(37): CodeIgniter\CodeIgniter->run()
#7 {main}
CRITICAL - 2021-10-19 04:55:34 --> syntax error, unexpected end of file
#0 /var/www/dev.bathijs.local/system/View/View.php(217): CodeIgniter\View\View->CodeIgniter\View\{closure}()
#1 /var/www/dev.bathijs.local/system/Common.php(1092): CodeIgniter\View\View->render()
#2 /var/www/dev.bathijs.local/app/Controllers/Admin/Authentication.php(67): view()
#3 /var/www/dev.bathijs.local/system/CodeIgniter.php(802): App\Controllers\Admin\Authentication->login_validation()
#4 /var/www/dev.bathijs.local/system/CodeIgniter.php(399): CodeIgniter\CodeIgniter->runController()
#5 /var/www/dev.bathijs.local/system/CodeIgniter.php(317): CodeIgniter\CodeIgniter->handleRequest()
#6 /var/www/dev.bathijs.local/public/index.php(37): CodeIgniter\CodeIgniter->run()
#7 {main}
CRITICAL - 2021-10-19 05:03:08 --> syntax error, unexpected '}', expecting ';'
#0 /var/www/dev.bathijs.local/system/Router/Router.php(160): CodeIgniter\Router\Router->autoRoute()
#1 /var/www/dev.bathijs.local/system/CodeIgniter.php(702): CodeIgniter\Router\Router->handle()
#2 /var/www/dev.bathijs.local/system/CodeIgniter.php(358): CodeIgniter\CodeIgniter->tryToRouteIt()
#3 /var/www/dev.bathijs.local/system/CodeIgniter.php(317): CodeIgniter\CodeIgniter->handleRequest()
#4 /var/www/dev.bathijs.local/public/index.php(37): CodeIgniter\CodeIgniter->run()
#5 {main}
CRITICAL - 2021-10-19 05:43:19 --> Undefined variable: _SESSION
#0 /var/www/dev.bathijs.local/app/Views/admin/home.php(4): CodeIgniter\Debug\Exceptions->errorHandler()
#1 /var/www/dev.bathijs.local/system/View/View.php(214): include('/var/www/dev.ba...')
#2 /var/www/dev.bathijs.local/system/View/View.php(217): CodeIgniter\View\View->CodeIgniter\View\{closure}()
#3 /var/www/dev.bathijs.local/system/Common.php(1092): CodeIgniter\View\View->render()
#4 /var/www/dev.bathijs.local/app/Controllers/Admin/Home.php(31): view()
#5 /var/www/dev.bathijs.local/system/CodeIgniter.php(802): App\Controllers\Admin\Home->index()
#6 /var/www/dev.bathijs.local/system/CodeIgniter.php(399): CodeIgniter\CodeIgniter->runController()
#7 /var/www/dev.bathijs.local/system/CodeIgniter.php(317): CodeIgniter\CodeIgniter->handleRequest()
#8 /var/www/dev.bathijs.local/public/index.php(37): CodeIgniter\CodeIgniter->run()
#9 {main}
CRITICAL - 2021-10-19 05:43:59 --> Undefined variable: _SESSION
#0 /var/www/dev.bathijs.local/app/Controllers/Admin/Home.php(31): CodeIgniter\Debug\Exceptions->errorHandler()
#1 /var/www/dev.bathijs.local/system/CodeIgniter.php(802): App\Controllers\Admin\Home->index()
#2 /var/www/dev.bathijs.local/system/CodeIgniter.php(399): CodeIgniter\CodeIgniter->runController()
#3 /var/www/dev.bathijs.local/system/CodeIgniter.php(317): CodeIgniter\CodeIgniter->handleRequest()
#4 /var/www/dev.bathijs.local/public/index.php(37): CodeIgniter\CodeIgniter->run()
#5 {main}
CRITICAL - 2021-10-19 05:44:12 --> Undefined variable: __SESSION
#0 /var/www/dev.bathijs.local/app/Controllers/Admin/Home.php(31): CodeIgniter\Debug\Exceptions->errorHandler()
#1 /var/www/dev.bathijs.local/system/CodeIgniter.php(802): App\Controllers\Admin\Home->index()
#2 /var/www/dev.bathijs.local/system/CodeIgniter.php(399): CodeIgniter\CodeIgniter->runController()
#3 /var/www/dev.bathijs.local/system/CodeIgniter.php(317): CodeIgniter\CodeIgniter->handleRequest()
#4 /var/www/dev.bathijs.local/public/index.php(37): CodeIgniter\CodeIgniter->run()
#5 {main}
CRITICAL - 2021-10-19 05:44:23 --> Undefined variable: _SESSION
#0 /var/www/dev.bathijs.local/app/Controllers/Admin/Home.php(31): CodeIgniter\Debug\Exceptions->errorHandler()
#1 /var/www/dev.bathijs.local/system/CodeIgniter.php(802): App\Controllers\Admin\Home->index()
#2 /var/www/dev.bathijs.local/system/CodeIgniter.php(399): CodeIgniter\CodeIgniter->runController()
#3 /var/www/dev.bathijs.local/system/CodeIgniter.php(317): CodeIgniter\CodeIgniter->handleRequest()
#4 /var/www/dev.bathijs.local/public/index.php(37): CodeIgniter\CodeIgniter->run()
#5 {main}
CRITICAL - 2021-10-19 05:44:31 --> Undefined variable: _SESSION
#0 /var/www/dev.bathijs.local/app/Controllers/Admin/Home.php(31): CodeIgniter\Debug\Exceptions->errorHandler()
#1 /var/www/dev.bathijs.local/system/CodeIgniter.php(802): App\Controllers\Admin\Home->index()
#2 /var/www/dev.bathijs.local/system/CodeIgniter.php(399): CodeIgniter\CodeIgniter->runController()
#3 /var/www/dev.bathijs.local/system/CodeIgniter.php(317): CodeIgniter\CodeIgniter->handleRequest()
#4 /var/www/dev.bathijs.local/public/index.php(37): CodeIgniter\CodeIgniter->run()
#5 {main}
CRITICAL - 2021-10-19 05:46:12 --> Undefined variable: _SESSION
#0 /var/www/dev.bathijs.local/app/Controllers/Admin/Home.php(30): CodeIgniter\Debug\Exceptions->errorHandler()
#1 /var/www/dev.bathijs.local/system/CodeIgniter.php(802): App\Controllers\Admin\Home->index()
#2 /var/www/dev.bathijs.local/system/CodeIgniter.php(399): CodeIgniter\CodeIgniter->runController()
#3 /var/www/dev.bathijs.local/system/CodeIgniter.php(317): CodeIgniter\CodeIgniter->handleRequest()
#4 /var/www/dev.bathijs.local/public/index.php(37): CodeIgniter\CodeIgniter->run()
#5 {main}
CRITICAL - 2021-10-19 05:53:43 --> Undefined variable: _SESSION
#0 /var/www/dev.bathijs.local/app/Controllers/Admin/Home.php(33): CodeIgniter\Debug\Exceptions->errorHandler()
#1 /var/www/dev.bathijs.local/system/CodeIgniter.php(802): App\Controllers\Admin\Home->index()
#2 /var/www/dev.bathijs.local/system/CodeIgniter.php(399): CodeIgniter\CodeIgniter->runController()
#3 /var/www/dev.bathijs.local/system/CodeIgniter.php(317): CodeIgniter\CodeIgniter->handleRequest()
#4 /var/www/dev.bathijs.local/public/index.php(37): CodeIgniter\CodeIgniter->run()
#5 {main}
