CRITICAL - 2021-11-05 08:24:44 --> Undefined property: App\Controllers\Admin\Projects::$output
#0 /var/www/dev.bathijs.local/app/Controllers/Admin/Projects.php(162): CodeIgniter\Debug\Exceptions->errorHandler()
#1 /var/www/dev.bathijs.local/system/CodeIgniter.php(802): App\Controllers\Admin\Projects->upload_image()
#2 /var/www/dev.bathijs.local/system/CodeIgniter.php(399): CodeIgniter\CodeIgniter->runController()
#3 /var/www/dev.bathijs.local/system/CodeIgniter.php(317): CodeIgniter\CodeIgniter->handleRequest()
#4 /var/www/dev.bathijs.local/public/index.php(37): CodeIgniter\CodeIgniter->run()
#5 {main}
CRITICAL - 2021-11-05 08:25:58 --> Call to undefined method App\Controllers\Admin\Projects::respond()
#0 /var/www/dev.bathijs.local/system/CodeIgniter.php(802): App\Controllers\Admin\Projects->upload_image()
#1 /var/www/dev.bathijs.local/system/CodeIgniter.php(399): CodeIgniter\CodeIgniter->runController()
#2 /var/www/dev.bathijs.local/system/CodeIgniter.php(317): CodeIgniter\CodeIgniter->handleRequest()
#3 /var/www/dev.bathijs.local/public/index.php(37): CodeIgniter\CodeIgniter->run()
#4 {main}
CRITICAL - 2021-11-05 08:29:04 --> Call to undefined method App\Controllers\Admin\Projects::ResponseTrait()
#0 /var/www/dev.bathijs.local/system/CodeIgniter.php(802): App\Controllers\Admin\Projects->upload_image()
#1 /var/www/dev.bathijs.local/system/CodeIgniter.php(399): CodeIgniter\CodeIgniter->runController()
#2 /var/www/dev.bathijs.local/system/CodeIgniter.php(317): CodeIgniter\CodeIgniter->handleRequest()
#3 /var/www/dev.bathijs.local/public/index.php(37): CodeIgniter\CodeIgniter->run()
#4 {main}
CRITICAL - 2021-11-05 08:29:16 --> Call to undefined method App\Controllers\Admin\Projects::ResponseTrait()
#0 /var/www/dev.bathijs.local/system/CodeIgniter.php(802): App\Controllers\Admin\Projects->upload_image()
#1 /var/www/dev.bathijs.local/system/CodeIgniter.php(399): CodeIgniter\CodeIgniter->runController()
#2 /var/www/dev.bathijs.local/system/CodeIgniter.php(317): CodeIgniter\CodeIgniter->handleRequest()
#3 /var/www/dev.bathijs.local/public/index.php(37): CodeIgniter\CodeIgniter->run()
#4 {main}
CRITICAL - 2021-11-05 08:29:17 --> Call to undefined method App\Controllers\Admin\Projects::ResponseTrait()
#0 /var/www/dev.bathijs.local/system/CodeIgniter.php(802): App\Controllers\Admin\Projects->upload_image()
#1 /var/www/dev.bathijs.local/system/CodeIgniter.php(399): CodeIgniter\CodeIgniter->runController()
#2 /var/www/dev.bathijs.local/system/CodeIgniter.php(317): CodeIgniter\CodeIgniter->handleRequest()
#3 /var/www/dev.bathijs.local/public/index.php(37): CodeIgniter\CodeIgniter->run()
#4 {main}
CRITICAL - 2021-11-05 08:29:43 --> Call to undefined method App\Controllers\Admin\Projects::respondCreated()
#0 /var/www/dev.bathijs.local/system/CodeIgniter.php(802): App\Controllers\Admin\Projects->upload_image()
#1 /var/www/dev.bathijs.local/system/CodeIgniter.php(399): CodeIgniter\CodeIgniter->runController()
#2 /var/www/dev.bathijs.local/system/CodeIgniter.php(317): CodeIgniter\CodeIgniter->handleRequest()
#3 /var/www/dev.bathijs.local/public/index.php(37): CodeIgniter\CodeIgniter->run()
#4 {main}
CRITICAL - 2021-11-05 08:34:29 --> Too few arguments to function CodeIgniter\Router\RouteCollection::post(), 1 passed in /var/www/dev.bathijs.local/app/Config/Routes.php on line 69 and at least 2 expected
#0 /var/www/dev.bathijs.local/app/Config/Routes.php(69): CodeIgniter\Router\RouteCollection->post()
#1 /var/www/dev.bathijs.local/system/Router/RouteCollection.php(609): CodeIgniter\CodeIgniter->Config\{closure}()
#2 /var/www/dev.bathijs.local/app/Config/Routes.php(110): CodeIgniter\Router\RouteCollection->group()
#3 /var/www/dev.bathijs.local/system/CodeIgniter.php(689): require('/var/www/dev.ba...')
#4 /var/www/dev.bathijs.local/system/CodeIgniter.php(358): CodeIgniter\CodeIgniter->tryToRouteIt()
#5 /var/www/dev.bathijs.local/system/CodeIgniter.php(317): CodeIgniter\CodeIgniter->handleRequest()
#6 /var/www/dev.bathijs.local/public/index.php(37): CodeIgniter\CodeIgniter->run()
#7 {main}
CRITICAL - 2021-11-05 08:35:28 --> Too few arguments to function CodeIgniter\Router\RouteCollection::post(), 1 passed in /var/www/dev.bathijs.local/app/Config/Routes.php on line 69 and at least 2 expected
#0 /var/www/dev.bathijs.local/app/Config/Routes.php(69): CodeIgniter\Router\RouteCollection->post()
#1 /var/www/dev.bathijs.local/system/Router/RouteCollection.php(609): CodeIgniter\CodeIgniter->Config\{closure}()
#2 /var/www/dev.bathijs.local/app/Config/Routes.php(110): CodeIgniter\Router\RouteCollection->group()
#3 /var/www/dev.bathijs.local/system/CodeIgniter.php(689): require('/var/www/dev.ba...')
#4 /var/www/dev.bathijs.local/system/CodeIgniter.php(358): CodeIgniter\CodeIgniter->tryToRouteIt()
#5 /var/www/dev.bathijs.local/system/CodeIgniter.php(317): CodeIgniter\CodeIgniter->handleRequest()
#6 /var/www/dev.bathijs.local/public/index.php(37): CodeIgniter\CodeIgniter->run()
#7 {main}
CRITICAL - 2021-11-05 08:35:28 --> Too few arguments to function CodeIgniter\Router\RouteCollection::post(), 1 passed in /var/www/dev.bathijs.local/app/Config/Routes.php on line 69 and at least 2 expected
#0 /var/www/dev.bathijs.local/app/Config/Routes.php(69): CodeIgniter\Router\RouteCollection->post()
#1 /var/www/dev.bathijs.local/system/Router/RouteCollection.php(609): CodeIgniter\CodeIgniter->Config\{closure}()
#2 /var/www/dev.bathijs.local/app/Config/Routes.php(110): CodeIgniter\Router\RouteCollection->group()
#3 /var/www/dev.bathijs.local/system/CodeIgniter.php(689): require('/var/www/dev.ba...')
#4 /var/www/dev.bathijs.local/system/CodeIgniter.php(358): CodeIgniter\CodeIgniter->tryToRouteIt()
#5 /var/www/dev.bathijs.local/system/CodeIgniter.php(317): CodeIgniter\CodeIgniter->handleRequest()
#6 /var/www/dev.bathijs.local/public/index.php(37): CodeIgniter\CodeIgniter->run()
#7 {main}
CRITICAL - 2021-11-05 08:45:44 --> Undefined variable: responseArray
#0 /var/www/dev.bathijs.local/app/Controllers/Admin/Projects.php(176): CodeIgniter\Debug\Exceptions->errorHandler()
#1 /var/www/dev.bathijs.local/system/CodeIgniter.php(802): App\Controllers\Admin\Projects->upload_image()
#2 /var/www/dev.bathijs.local/system/CodeIgniter.php(399): CodeIgniter\CodeIgniter->runController()
#3 /var/www/dev.bathijs.local/system/CodeIgniter.php(317): CodeIgniter\CodeIgniter->handleRequest()
#4 /var/www/dev.bathijs.local/public/index.php(37): CodeIgniter\CodeIgniter->run()
#5 {main}
ERROR - 2021-11-05 08:50:05 --> Unknown column 'project.nameId' in 'field list'
CRITICAL - 2021-11-05 08:50:05 --> Unknown column 'project.nameId' in 'field list'
#0 /var/www/dev.bathijs.local/system/Database/MySQLi/Connection.php(280): mysqli->query()
#1 /var/www/dev.bathijs.local/system/Database/BaseConnection.php(663): CodeIgniter\Database\MySQLi\Connection->execute()
#2 /var/www/dev.bathijs.local/system/Database/BaseConnection.php(591): CodeIgniter\Database\BaseConnection->simpleQuery()
#3 /var/www/dev.bathijs.local/system/Database/BaseBuilder.php(1428): CodeIgniter\Database\BaseConnection->query()
#4 /var/www/dev.bathijs.local/system/Model.php(183): CodeIgniter\Database\BaseBuilder->get()
#5 /var/www/dev.bathijs.local/system/BaseModel.php(584): CodeIgniter\Model->doFindAll()
#6 /var/www/dev.bathijs.local/app/Models/Admin/ProjectTempModel.php(36): CodeIgniter\BaseModel->findAll()
#7 /var/www/dev.bathijs.local/app/Controllers/Admin/Projects.php(35): App\Models\Admin\ProjectTempModel->getProjectsTempData()
#8 /var/www/dev.bathijs.local/system/CodeIgniter.php(802): App\Controllers\Admin\Projects->index()
#9 /var/www/dev.bathijs.local/system/CodeIgniter.php(399): CodeIgniter\CodeIgniter->runController()
#10 /var/www/dev.bathijs.local/system/CodeIgniter.php(317): CodeIgniter\CodeIgniter->handleRequest()
#11 /var/www/dev.bathijs.local/public/index.php(37): CodeIgniter\CodeIgniter->run()
#12 {main}
CRITICAL - 2021-11-05 08:52:10 --> Undefined offset: 1
#0 /var/www/dev.bathijs.local/system/Router/Router.php(404): CodeIgniter\Debug\Exceptions->errorHandler()
#1 /var/www/dev.bathijs.local/system/Router/Router.php(145): CodeIgniter\Router\Router->checkRoutes()
#2 /var/www/dev.bathijs.local/system/CodeIgniter.php(702): CodeIgniter\Router\Router->handle()
#3 /var/www/dev.bathijs.local/system/CodeIgniter.php(358): CodeIgniter\CodeIgniter->tryToRouteIt()
#4 /var/www/dev.bathijs.local/system/CodeIgniter.php(317): CodeIgniter\CodeIgniter->handleRequest()
#5 /var/www/dev.bathijs.local/public/index.php(37): CodeIgniter\CodeIgniter->run()
#6 {main}
CRITICAL - 2021-11-05 08:52:14 --> Undefined offset: 1
#0 /var/www/dev.bathijs.local/system/Router/Router.php(404): CodeIgniter\Debug\Exceptions->errorHandler()
#1 /var/www/dev.bathijs.local/system/Router/Router.php(145): CodeIgniter\Router\Router->checkRoutes()
#2 /var/www/dev.bathijs.local/system/CodeIgniter.php(702): CodeIgniter\Router\Router->handle()
#3 /var/www/dev.bathijs.local/system/CodeIgniter.php(358): CodeIgniter\CodeIgniter->tryToRouteIt()
#4 /var/www/dev.bathijs.local/system/CodeIgniter.php(317): CodeIgniter\CodeIgniter->handleRequest()
#5 /var/www/dev.bathijs.local/public/index.php(37): CodeIgniter\CodeIgniter->run()
#6 {main}
CRITICAL - 2021-11-05 09:24:17 --> Undefined variable: file
#0 /var/www/dev.bathijs.local/app/Controllers/Admin/Projects.php(175): CodeIgniter\Debug\Exceptions->errorHandler()
#1 /var/www/dev.bathijs.local/system/CodeIgniter.php(802): App\Controllers\Admin\Projects->upload_image()
#2 /var/www/dev.bathijs.local/system/CodeIgniter.php(399): CodeIgniter\CodeIgniter->runController()
#3 /var/www/dev.bathijs.local/system/CodeIgniter.php(317): CodeIgniter\CodeIgniter->handleRequest()
#4 /var/www/dev.bathijs.local/public/index.php(37): CodeIgniter\CodeIgniter->run()
#5 {main}
CRITICAL - 2021-11-05 10:05:52 --> finfo_file(/tmp/phprPBm20): failed to open stream: No such file or directory
#0 [internal function]: CodeIgniter\Debug\Exceptions->errorHandler()
#1 /var/www/dev.bathijs.local/system/Files/File.php(109): finfo_file()
#2 /var/www/dev.bathijs.local/system/HTTP/Files/UploadedFile.php(297): CodeIgniter\Files\File->getMimeType()
#3 /var/www/dev.bathijs.local/system/HTTP/Files/UploadedFile.php(286): CodeIgniter\HTTP\Files\UploadedFile->guessExtension()
#4 /var/www/dev.bathijs.local/app/Controllers/Admin/Projects.php(188): CodeIgniter\HTTP\Files\UploadedFile->getExtension()
#5 /var/www/dev.bathijs.local/system/CodeIgniter.php(802): App\Controllers\Admin\Projects->upload_image()
#6 /var/www/dev.bathijs.local/system/CodeIgniter.php(399): CodeIgniter\CodeIgniter->runController()
#7 /var/www/dev.bathijs.local/system/CodeIgniter.php(317): CodeIgniter\CodeIgniter->handleRequest()
#8 /var/www/dev.bathijs.local/public/index.php(37): CodeIgniter\CodeIgniter->run()
#9 {main}
CRITICAL - 2021-11-05 10:07:42 --> finfo_file(/tmp/php2cBFaY): failed to open stream: No such file or directory
#0 [internal function]: CodeIgniter\Debug\Exceptions->errorHandler()
#1 /var/www/dev.bathijs.local/system/Files/File.php(109): finfo_file()
#2 /var/www/dev.bathijs.local/system/HTTP/Files/UploadedFile.php(297): CodeIgniter\Files\File->getMimeType()
#3 /var/www/dev.bathijs.local/system/HTTP/Files/UploadedFile.php(286): CodeIgniter\HTTP\Files\UploadedFile->guessExtension()
#4 /var/www/dev.bathijs.local/app/Controllers/Admin/Projects.php(188): CodeIgniter\HTTP\Files\UploadedFile->getExtension()
#5 /var/www/dev.bathijs.local/system/CodeIgniter.php(802): App\Controllers\Admin\Projects->upload_image()
#6 /var/www/dev.bathijs.local/system/CodeIgniter.php(399): CodeIgniter\CodeIgniter->runController()
#7 /var/www/dev.bathijs.local/system/CodeIgniter.php(317): CodeIgniter\CodeIgniter->handleRequest()
#8 /var/www/dev.bathijs.local/public/index.php(37): CodeIgniter\CodeIgniter->run()
#9 {main}
CRITICAL - 2021-11-05 10:12:09 --> mkdir(): Permission denied
#0 [internal function]: CodeIgniter\Debug\Exceptions->errorHandler()
#1 /var/www/dev.bathijs.local/system/HTTP/Files/UploadedFile.php(171): mkdir()
#2 /var/www/dev.bathijs.local/system/HTTP/Files/UploadedFile.php(130): CodeIgniter\HTTP\Files\UploadedFile->setPath()
#3 /var/www/dev.bathijs.local/app/Controllers/Admin/Projects.php(172): CodeIgniter\HTTP\Files\UploadedFile->move()
#4 /var/www/dev.bathijs.local/system/CodeIgniter.php(802): App\Controllers\Admin\Projects->upload_image()
#5 /var/www/dev.bathijs.local/system/CodeIgniter.php(399): CodeIgniter\CodeIgniter->runController()
#6 /var/www/dev.bathijs.local/system/CodeIgniter.php(317): CodeIgniter\CodeIgniter->handleRequest()
#7 /var/www/dev.bathijs.local/public/index.php(37): CodeIgniter\CodeIgniter->run()
#8 {main}
CRITICAL - 2021-11-05 10:13:08 --> Could not move file php23pqPR to ./uploads/images/ ()
#0 /var/www/dev.bathijs.local/system/HTTP/Files/UploadedFile.php(149): CodeIgniter\HTTP\Exceptions\HTTPException::forMoveFailed()
#1 /var/www/dev.bathijs.local/app/Controllers/Admin/Projects.php(172): CodeIgniter\HTTP\Files\UploadedFile->move()
#2 /var/www/dev.bathijs.local/system/CodeIgniter.php(802): App\Controllers\Admin\Projects->upload_image()
#3 /var/www/dev.bathijs.local/system/CodeIgniter.php(399): CodeIgniter\CodeIgniter->runController()
#4 /var/www/dev.bathijs.local/system/CodeIgniter.php(317): CodeIgniter\CodeIgniter->handleRequest()
#5 /var/www/dev.bathijs.local/public/index.php(37): CodeIgniter\CodeIgniter->run()
#6 {main}
CRITICAL - 2021-11-05 10:15:31 --> mkdir(): Permission denied
#0 [internal function]: CodeIgniter\Debug\Exceptions->errorHandler()
#1 /var/www/dev.bathijs.local/system/HTTP/Files/UploadedFile.php(171): mkdir()
#2 /var/www/dev.bathijs.local/system/HTTP/Files/UploadedFile.php(130): CodeIgniter\HTTP\Files\UploadedFile->setPath()
#3 /var/www/dev.bathijs.local/app/Controllers/Admin/Projects.php(172): CodeIgniter\HTTP\Files\UploadedFile->move()
#4 /var/www/dev.bathijs.local/system/CodeIgniter.php(802): App\Controllers\Admin\Projects->upload_image()
#5 /var/www/dev.bathijs.local/system/CodeIgniter.php(399): CodeIgniter\CodeIgniter->runController()
#6 /var/www/dev.bathijs.local/system/CodeIgniter.php(317): CodeIgniter\CodeIgniter->handleRequest()
#7 /var/www/dev.bathijs.local/public/index.php(37): CodeIgniter\CodeIgniter->run()
#8 {main}
CRITICAL - 2021-11-05 10:26:33 --> Could not move file phphId5pZ to ./uploads/images/ ()
#0 /var/www/dev.bathijs.local/system/HTTP/Files/UploadedFile.php(149): CodeIgniter\HTTP\Exceptions\HTTPException::forMoveFailed()
#1 /var/www/dev.bathijs.local/app/Controllers/Admin/Projects.php(172): CodeIgniter\HTTP\Files\UploadedFile->move()
#2 /var/www/dev.bathijs.local/system/CodeIgniter.php(802): App\Controllers\Admin\Projects->upload_image()
#3 /var/www/dev.bathijs.local/system/CodeIgniter.php(399): CodeIgniter\CodeIgniter->runController()
#4 /var/www/dev.bathijs.local/system/CodeIgniter.php(317): CodeIgniter\CodeIgniter->handleRequest()
#5 /var/www/dev.bathijs.local/public/index.php(37): CodeIgniter\CodeIgniter->run()
#6 {main}
CRITICAL - 2021-11-05 10:26:45 --> Could not move file phpg5yXJ4 to ./uploads/images/ ()
#0 /var/www/dev.bathijs.local/system/HTTP/Files/UploadedFile.php(149): CodeIgniter\HTTP\Exceptions\HTTPException::forMoveFailed()
#1 /var/www/dev.bathijs.local/app/Controllers/Admin/Projects.php(172): CodeIgniter\HTTP\Files\UploadedFile->move()
#2 /var/www/dev.bathijs.local/system/CodeIgniter.php(802): App\Controllers\Admin\Projects->upload_image()
#3 /var/www/dev.bathijs.local/system/CodeIgniter.php(399): CodeIgniter\CodeIgniter->runController()
#4 /var/www/dev.bathijs.local/system/CodeIgniter.php(317): CodeIgniter\CodeIgniter->handleRequest()
#5 /var/www/dev.bathijs.local/public/index.php(37): CodeIgniter\CodeIgniter->run()
#6 {main}
CRITICAL - 2021-11-05 10:27:44 --> Could not move file phpRXaAk9 to ./uploads/images/ ()
#0 /var/www/dev.bathijs.local/system/HTTP/Files/UploadedFile.php(149): CodeIgniter\HTTP\Exceptions\HTTPException::forMoveFailed()
#1 /var/www/dev.bathijs.local/app/Controllers/Admin/Projects.php(172): CodeIgniter\HTTP\Files\UploadedFile->move()
#2 /var/www/dev.bathijs.local/system/CodeIgniter.php(802): App\Controllers\Admin\Projects->upload_image()
#3 /var/www/dev.bathijs.local/system/CodeIgniter.php(399): CodeIgniter\CodeIgniter->runController()
#4 /var/www/dev.bathijs.local/system/CodeIgniter.php(317): CodeIgniter\CodeIgniter->handleRequest()
#5 /var/www/dev.bathijs.local/public/index.php(37): CodeIgniter\CodeIgniter->run()
#6 {main}
ERROR - 2021-11-05 12:12:18 --> Unknown column 'project.nameId' in 'field list'
CRITICAL - 2021-11-05 12:12:18 --> Unknown column 'project.nameId' in 'field list'
#0 /var/www/dev.bathijs.local/system/Database/MySQLi/Connection.php(280): mysqli->query()
#1 /var/www/dev.bathijs.local/system/Database/BaseConnection.php(663): CodeIgniter\Database\MySQLi\Connection->execute()
#2 /var/www/dev.bathijs.local/system/Database/BaseConnection.php(591): CodeIgniter\Database\BaseConnection->simpleQuery()
#3 /var/www/dev.bathijs.local/system/Database/BaseBuilder.php(1428): CodeIgniter\Database\BaseConnection->query()
#4 /var/www/dev.bathijs.local/system/Model.php(183): CodeIgniter\Database\BaseBuilder->get()
#5 /var/www/dev.bathijs.local/system/BaseModel.php(584): CodeIgniter\Model->doFindAll()
#6 /var/www/dev.bathijs.local/app/Models/Admin/ProjectTempModel.php(36): CodeIgniter\BaseModel->findAll()
#7 /var/www/dev.bathijs.local/app/Controllers/Admin/Projects.php(35): App\Models\Admin\ProjectTempModel->getProjectsTempData()
#8 /var/www/dev.bathijs.local/system/CodeIgniter.php(802): App\Controllers\Admin\Projects->index()
#9 /var/www/dev.bathijs.local/system/CodeIgniter.php(399): CodeIgniter\CodeIgniter->runController()
#10 /var/www/dev.bathijs.local/system/CodeIgniter.php(317): CodeIgniter\CodeIgniter->handleRequest()
#11 /var/www/dev.bathijs.local/public/index.php(37): CodeIgniter\CodeIgniter->run()
#12 {main}
ERROR - 2021-11-05 12:20:41 --> Unknown column 'project.nameId' in 'field list'
CRITICAL - 2021-11-05 12:20:41 --> Unknown column 'project.nameId' in 'field list'
#0 /var/www/dev.bathijs.local/system/Database/MySQLi/Connection.php(280): mysqli->query()
#1 /var/www/dev.bathijs.local/system/Database/BaseConnection.php(663): CodeIgniter\Database\MySQLi\Connection->execute()
#2 /var/www/dev.bathijs.local/system/Database/BaseConnection.php(591): CodeIgniter\Database\BaseConnection->simpleQuery()
#3 /var/www/dev.bathijs.local/system/Database/BaseBuilder.php(1428): CodeIgniter\Database\BaseConnection->query()
#4 /var/www/dev.bathijs.local/system/Model.php(183): CodeIgniter\Database\BaseBuilder->get()
#5 /var/www/dev.bathijs.local/system/BaseModel.php(584): CodeIgniter\Model->doFindAll()
#6 /var/www/dev.bathijs.local/app/Models/Admin/ProjectTempModel.php(36): CodeIgniter\BaseModel->findAll()
#7 /var/www/dev.bathijs.local/app/Controllers/Admin/Projects.php(35): App\Models\Admin\ProjectTempModel->getProjectsTempData()
#8 /var/www/dev.bathijs.local/system/CodeIgniter.php(802): App\Controllers\Admin\Projects->index()
#9 /var/www/dev.bathijs.local/system/CodeIgniter.php(399): CodeIgniter\CodeIgniter->runController()
#10 /var/www/dev.bathijs.local/system/CodeIgniter.php(317): CodeIgniter\CodeIgniter->handleRequest()
#11 /var/www/dev.bathijs.local/public/index.php(37): CodeIgniter\CodeIgniter->run()
#12 {main}
ERROR - 2021-11-05 12:21:13 --> Unknown column 'adminId' in 'on clause'
CRITICAL - 2021-11-05 12:21:13 --> Unknown column 'adminId' in 'on clause'
#0 /var/www/dev.bathijs.local/system/Database/MySQLi/Connection.php(280): mysqli->query()
#1 /var/www/dev.bathijs.local/system/Database/BaseConnection.php(663): CodeIgniter\Database\MySQLi\Connection->execute()
#2 /var/www/dev.bathijs.local/system/Database/BaseConnection.php(591): CodeIgniter\Database\BaseConnection->simpleQuery()
#3 /var/www/dev.bathijs.local/system/Database/BaseBuilder.php(1428): CodeIgniter\Database\BaseConnection->query()
#4 /var/www/dev.bathijs.local/system/Model.php(183): CodeIgniter\Database\BaseBuilder->get()
#5 /var/www/dev.bathijs.local/system/BaseModel.php(584): CodeIgniter\Model->doFindAll()
#6 /var/www/dev.bathijs.local/app/Models/Admin/ProjectTempModel.php(36): CodeIgniter\BaseModel->findAll()
#7 /var/www/dev.bathijs.local/app/Controllers/Admin/Projects.php(35): App\Models\Admin\ProjectTempModel->getProjectsTempData()
#8 /var/www/dev.bathijs.local/system/CodeIgniter.php(802): App\Controllers\Admin\Projects->index()
#9 /var/www/dev.bathijs.local/system/CodeIgniter.php(399): CodeIgniter\CodeIgniter->runController()
#10 /var/www/dev.bathijs.local/system/CodeIgniter.php(317): CodeIgniter\CodeIgniter->handleRequest()
#11 /var/www/dev.bathijs.local/public/index.php(37): CodeIgniter\CodeIgniter->run()
#12 {main}
ERROR - 2021-11-05 12:21:15 --> Unknown column 'adminId' in 'on clause'
CRITICAL - 2021-11-05 12:21:15 --> Unknown column 'adminId' in 'on clause'
#0 /var/www/dev.bathijs.local/system/Database/MySQLi/Connection.php(280): mysqli->query()
#1 /var/www/dev.bathijs.local/system/Database/BaseConnection.php(663): CodeIgniter\Database\MySQLi\Connection->execute()
#2 /var/www/dev.bathijs.local/system/Database/BaseConnection.php(591): CodeIgniter\Database\BaseConnection->simpleQuery()
#3 /var/www/dev.bathijs.local/system/Database/BaseBuilder.php(1428): CodeIgniter\Database\BaseConnection->query()
#4 /var/www/dev.bathijs.local/system/Model.php(183): CodeIgniter\Database\BaseBuilder->get()
#5 /var/www/dev.bathijs.local/system/BaseModel.php(584): CodeIgniter\Model->doFindAll()
#6 /var/www/dev.bathijs.local/app/Models/Admin/ProjectTempModel.php(36): CodeIgniter\BaseModel->findAll()
#7 /var/www/dev.bathijs.local/app/Controllers/Admin/Projects.php(35): App\Models\Admin\ProjectTempModel->getProjectsTempData()
#8 /var/www/dev.bathijs.local/system/CodeIgniter.php(802): App\Controllers\Admin\Projects->index()
#9 /var/www/dev.bathijs.local/system/CodeIgniter.php(399): CodeIgniter\CodeIgniter->runController()
#10 /var/www/dev.bathijs.local/system/CodeIgniter.php(317): CodeIgniter\CodeIgniter->handleRequest()
#11 /var/www/dev.bathijs.local/public/index.php(37): CodeIgniter\CodeIgniter->run()
#12 {main}
CRITICAL - 2021-11-05 12:37:26 --> Undefined index: id
#0 /var/www/dev.bathijs.local/app/Views/admin/projects.php(58): CodeIgniter\Debug\Exceptions->errorHandler()
#1 /var/www/dev.bathijs.local/system/View/View.php(214): include('/var/www/dev.ba...')
#2 /var/www/dev.bathijs.local/system/View/View.php(217): CodeIgniter\View\View->CodeIgniter\View\{closure}()
#3 /var/www/dev.bathijs.local/system/Common.php(1092): CodeIgniter\View\View->render()
#4 /var/www/dev.bathijs.local/app/Controllers/Admin/Projects.php(39): view()
#5 /var/www/dev.bathijs.local/system/CodeIgniter.php(802): App\Controllers\Admin\Projects->index()
#6 /var/www/dev.bathijs.local/system/CodeIgniter.php(399): CodeIgniter\CodeIgniter->runController()
#7 /var/www/dev.bathijs.local/system/CodeIgniter.php(317): CodeIgniter\CodeIgniter->handleRequest()
#8 /var/www/dev.bathijs.local/public/index.php(37): CodeIgniter\CodeIgniter->run()
#9 {main}
CRITICAL - 2021-11-05 15:24:40 --> Undefined variable: _post
#0 /var/www/dev.bathijs.local/app/Controllers/Admin/Projects.php(69): CodeIgniter\Debug\Exceptions->errorHandler()
#1 /var/www/dev.bathijs.local/system/CodeIgniter.php(802): App\Controllers\Admin\Projects->add_validation()
#2 /var/www/dev.bathijs.local/system/CodeIgniter.php(399): CodeIgniter\CodeIgniter->runController()
#3 /var/www/dev.bathijs.local/system/CodeIgniter.php(317): CodeIgniter\CodeIgniter->handleRequest()
#4 /var/www/dev.bathijs.local/public/index.php(37): CodeIgniter\CodeIgniter->run()
#5 {main}
CRITICAL - 2021-11-05 15:31:25 --> Undefined index: editor
#0 /var/www/dev.bathijs.local/app/Controllers/Admin/Projects.php(69): CodeIgniter\Debug\Exceptions->errorHandler()
#1 /var/www/dev.bathijs.local/system/CodeIgniter.php(802): App\Controllers\Admin\Projects->add_validation()
#2 /var/www/dev.bathijs.local/system/CodeIgniter.php(399): CodeIgniter\CodeIgniter->runController()
#3 /var/www/dev.bathijs.local/system/CodeIgniter.php(317): CodeIgniter\CodeIgniter->handleRequest()
#4 /var/www/dev.bathijs.local/public/index.php(37): CodeIgniter\CodeIgniter->run()
#5 {main}
CRITICAL - 2021-11-05 15:37:38 --> Undefined index: editor
#0 /var/www/dev.bathijs.local/app/Controllers/Admin/Projects.php(69): CodeIgniter\Debug\Exceptions->errorHandler()
#1 /var/www/dev.bathijs.local/system/CodeIgniter.php(802): App\Controllers\Admin\Projects->add_validation()
#2 /var/www/dev.bathijs.local/system/CodeIgniter.php(399): CodeIgniter\CodeIgniter->runController()
#3 /var/www/dev.bathijs.local/system/CodeIgniter.php(317): CodeIgniter\CodeIgniter->handleRequest()
#4 /var/www/dev.bathijs.local/public/index.php(37): CodeIgniter\CodeIgniter->run()
#5 {main}
CRITICAL - 2021-11-05 15:38:15 --> Undefined index: editor
#0 /var/www/dev.bathijs.local/app/Controllers/Admin/Projects.php(70): CodeIgniter\Debug\Exceptions->errorHandler()
#1 /var/www/dev.bathijs.local/system/CodeIgniter.php(802): App\Controllers\Admin\Projects->add_validation()
#2 /var/www/dev.bathijs.local/system/CodeIgniter.php(399): CodeIgniter\CodeIgniter->runController()
#3 /var/www/dev.bathijs.local/system/CodeIgniter.php(317): CodeIgniter\CodeIgniter->handleRequest()
#4 /var/www/dev.bathijs.local/public/index.php(37): CodeIgniter\CodeIgniter->run()
#5 {main}
CRITICAL - 2021-11-05 15:38:21 --> Undefined index: editor
#0 /var/www/dev.bathijs.local/app/Controllers/Admin/Projects.php(70): CodeIgniter\Debug\Exceptions->errorHandler()
#1 /var/www/dev.bathijs.local/system/CodeIgniter.php(802): App\Controllers\Admin\Projects->add_validation()
#2 /var/www/dev.bathijs.local/system/CodeIgniter.php(399): CodeIgniter\CodeIgniter->runController()
#3 /var/www/dev.bathijs.local/system/CodeIgniter.php(317): CodeIgniter\CodeIgniter->handleRequest()
#4 /var/www/dev.bathijs.local/public/index.php(37): CodeIgniter\CodeIgniter->run()
#5 {main}
